<?xml version="1.0" encoding="UTF-8"?>
<!-- Generated by org.testng.reporters.JUnitXMLReporter -->
<testsuite ignored="0" hostname="LAPTOP-QHMIOBC5" failures="0" tests="4" name="Test1" time="157.049" errors="0" timestamp="2024-01-21T12:57:30 IST">
  <testcase classname="com.GenericUtils.BaseClass_HRM_EPS" name="@BeforeClass bcConfig" time="2.162">
    <failure type="org.openqa.selenium.SessionNotCreatedException" message="Could not start a new session. Response code 500. Message: session not created: This version of ChromeDriver only supports Chrome version 115
Current browser version is 120.0.6099.225 with binary path C:\Program Files (x86)\Google\Chrome\Application\chrome.exe
Build info: version: &amp;apos;3.141.59&amp;apos;, revision: &amp;apos;e82be7d358&amp;apos;, time: &amp;apos;2018-11-14T08:25:53&amp;apos;
System info: host: &amp;apos;QASUDEEP&amp;apos;, ip: &amp;apos;192.168.60.8&amp;apos;, os.name: &amp;apos;Windows 10&amp;apos;, os.arch: &amp;apos;amd64&amp;apos;, os.version: &amp;apos;10.0&amp;apos;, java.version: &amp;apos;17.0.9&amp;apos;
Driver info: driver.version: unknown
remote stacktrace: Backtrace:
	GetHandleVerifier [0x00007FF76EA54A62+57106]
	(No symbol) [0x00007FF76E9CCF52]
	(No symbol) [0x00007FF76E89E2CB]
	(No symbol) [0x00007FF76E8C9FDB]
	(No symbol) [0x00007FF76E8C4F8D]
	(No symbol) [0x00007FF76E8C30AA]
	(No symbol) [0x00007FF76E8FE3F7]
	(No symbol) [0x00007FF76E8FDF60]
	(No symbol) [0x00007FF76E8F6793]
	(No symbol) [0x00007FF76E8CCE81]
	(No symbol) [0x00007FF76E8CE064]
	GetHandleVerifier [0x00007FF76ED04222+2873042]
	GetHandleVerifier [0x00007FF76ED56590+3209792]
	GetHandleVerifier [0x00007FF76ED4F3AF+3180639]
	GetHandleVerifier [0x00007FF76EAE5F25+652245]
	(No symbol) [0x00007FF76E9D8618]
	(No symbol) [0x00007FF76E9D47C4]
	(No symbol) [0x00007FF76E9D48BC]
	(No symbol) [0x00007FF76E9C4C33]
	BaseThreadInitThunk [0x00007FFCB5F67344+20]
	RtlUserThreadStart [0x00007FFCB6AA26B1+33]
 
Host info: host: &amp;apos;LAPTOP-QHMIOBC5&amp;apos;, ip: &amp;apos;192.168.60.66&amp;apos;
Build info: version: &amp;apos;4.11.0&amp;apos;, revision: &amp;apos;040bc5406b&amp;apos;
System info: os.name: &amp;apos;Windows 11&amp;apos;, os.arch: &amp;apos;amd64&amp;apos;, os.version: &amp;apos;10.0&amp;apos;, java.version: &amp;apos;20.0.2&amp;apos;
Driver info: org.openqa.selenium.remote.RemoteWebDriver
Command: [null, newSession {capabilities=[Capabilities {browserName: chrome, platformName: any}]}]
Capabilities {browserName: chrome, platformName: any}">
      <![CDATA[org.openqa.selenium.SessionNotCreatedException: Could not start a new session. Response code 500. Message: session not created: This version of ChromeDriver only supports Chrome version 115
Current browser version is 120.0.6099.225 with binary path C:\Program Files (x86)\Google\Chrome\Application\chrome.exe
Build info: version: '3.141.59', revision: 'e82be7d358', time: '2018-11-14T08:25:53'
System info: host: 'QASUDEEP', ip: '192.168.60.8', os.name: 'Windows 10', os.arch: 'amd64', os.version: '10.0', java.version: '17.0.9'
Driver info: driver.version: unknown
remote stacktrace: Backtrace:
GetHandleVerifier [0x00007FF76EA54A62+57106]
(No symbol) [0x00007FF76E9CCF52]
(No symbol) [0x00007FF76E89E2CB]
(No symbol) [0x00007FF76E8C9FDB]
(No symbol) [0x00007FF76E8C4F8D]
(No symbol) [0x00007FF76E8C30AA]
(No symbol) [0x00007FF76E8FE3F7]
(No symbol) [0x00007FF76E8FDF60]
(No symbol) [0x00007FF76E8F6793]
(No symbol) [0x00007FF76E8CCE81]
(No symbol) [0x00007FF76E8CE064]
GetHandleVerifier [0x00007FF76ED04222+2873042]
GetHandleVerifier [0x00007FF76ED56590+3209792]
GetHandleVerifier [0x00007FF76ED4F3AF+3180639]
GetHandleVerifier [0x00007FF76EAE5F25+652245]
(No symbol) [0x00007FF76E9D8618]
(No symbol) [0x00007FF76E9D47C4]
(No symbol) [0x00007FF76E9D48BC]
(No symbol) [0x00007FF76E9C4C33]
BaseThreadInitThunk [0x00007FFCB5F67344+20]
RtlUserThreadStart [0x00007FFCB6AA26B1+33]
 
Host info: host: 'LAPTOP-QHMIOBC5', ip: '192.168.60.66'
Build info: version: '4.11.0', revision: '040bc5406b'
System info: os.name: 'Windows 11', os.arch: 'amd64', os.version: '10.0', java.version: '20.0.2'
Driver info: org.openqa.selenium.remote.RemoteWebDriver
Command: [null, newSession {capabilities=[Capabilities {browserName: chrome, platformName: any}]}]
Capabilities {browserName: chrome, platformName: any}
at org.openqa.selenium.remote.ProtocolHandshake.createSession(ProtocolHandshake.java:140)
at org.openqa.selenium.remote.ProtocolHandshake.createSession(ProtocolHandshake.java:96)
at org.openqa.selenium.remote.ProtocolHandshake.createSession(ProtocolHandshake.java:68)
at org.openqa.selenium.remote.HttpCommandExecutor.execute(HttpCommandExecutor.java:163)
at org.openqa.selenium.remote.TracedCommandExecutor.execute(TracedCommandExecutor.java:51)
at org.openqa.selenium.remote.RemoteWebDriver.execute(RemoteWebDriver.java:518)
at org.openqa.selenium.remote.RemoteWebDriver.startSession(RemoteWebDriver.java:232)
at org.openqa.selenium.remote.RemoteWebDriver.<init>(RemoteWebDriver.java:159)
at org.openqa.selenium.remote.RemoteWebDriver.<init>(RemoteWebDriver.java:139)
at com.GenericUtils.BaseClass_HRM_EPS.bcConfig(BaseClass_HRM_EPS.java:111)
at java.base/java.util.ArrayList.forEach(ArrayList.java:1511)
at java.base/java.util.concurrent.FutureTask.run(FutureTask.java:317)
at java.base/java.util.concurrent.ThreadPoolExecutor.runWorker(ThreadPoolExecutor.java:1144)
at java.base/java.util.concurrent.ThreadPoolExecutor$Worker.run(ThreadPoolExecutor.java:642)
at java.base/java.lang.Thread.run(Thread.java:1623)
... Removed 13 stack frames]]>
    </failure>
  </testcase> <!-- @BeforeClass bcConfig -->
  <testcase classname="com.GenericUtils.BaseClass_HRM_EPS" name="@BeforeMethod bmConfig" time="0.0">
    <skipped/>
  </testcase> <!-- @BeforeMethod bmConfig -->
  <testcase classname="com.GenericUtils.BaseClass_HRM_EPS" name="@AfterMethod amConfig" time="0.0">
    <skipped/>
  </testcase> <!-- @AfterMethod amConfig -->
  <testcase classname="com.GenericUtils.BaseClass_HRM_EPS" name="@BeforeMethod bmConfig" time="0.0">
    <skipped/>
  </testcase> <!-- @BeforeMethod bmConfig -->
  <testcase classname="com.GenericUtils.BaseClass_HRM_EPS" name="@AfterMethod amConfig" time="0.0">
    <skipped/>
  </testcase> <!-- @AfterMethod amConfig -->
  <testcase classname="com.GenericUtils.BaseClass_HRM_EPS" name="@BeforeMethod bmConfig" time="0.0">
    <skipped/>
  </testcase> <!-- @BeforeMethod bmConfig -->
  <testcase classname="com.GenericUtils.BaseClass_HRM_EPS" name="@AfterMethod amConfig" time="0.0">
    <skipped/>
  </testcase> <!-- @AfterMethod amConfig -->
  <testcase classname="com.GenericUtils.BaseClass_HRM_EPS" name="@BeforeMethod bmConfig" time="0.0">
    <skipped/>
  </testcase> <!-- @BeforeMethod bmConfig -->
  <testcase classname="com.GenericUtils.BaseClass_HRM_EPS" name="@AfterMethod amConfig" time="0.0">
    <skipped/>
  </testcase> <!-- @AfterMethod amConfig -->
  <testcase classname="com.GenericUtils.BaseClass_HRM_EPS" name="@AfterClass acConfig" time="0.0">
    <skipped/>
  </testcase> <!-- @AfterClass acConfig -->
  <testcase classname="hrm_EPS_ParallelTests.Class1Test" name="clickOnAdmin" time="5.156"/>
  <testcase classname="hrm_EPS_ParallelTests.Class1Test" name="clickOnLeave" time="3.987"/>
  <testcase classname="hrm_EPS_ParallelTests.Class1Test" name="clickOnTime" time="1.523"/>
  <testcase classname="hrm_EPS_ParallelTests.Class1Test" name="pim" time="2.834"/>
</testsuite> <!-- Test1 -->
