<html>
<head>
<title>TestNG:  Test2</title>
<link href="../testng.css" rel="stylesheet" type="text/css" />
<link href="../my-testng.css" rel="stylesheet" type="text/css" />

<style type="text/css">
.log { display: none;} 
.stack-trace { display: none;} 
</style>
<script type="text/javascript">
<!--
function flip(e) {
  current = e.style.display;
  if (current == 'block') {
    e.style.display = 'none';
    return 0;
  }
  else {
    e.style.display = 'block';
    return 1;
  }
}

function toggleBox(szDivId, elem, msg1, msg2)
{
  var res = -1;  if (document.getElementById) {
    res = flip(document.getElementById(szDivId));
  }
  else if (document.all) {
    // this is the way old msie versions work
    res = flip(document.all[szDivId]);
  }
  if(elem) {
    if(res == 0) elem.innerHTML = msg1; else elem.innerHTML = msg2;
  }

}

function toggleAllBoxes() {
  if (document.getElementsByTagName) {
    d = document.getElementsByTagName('div');
    for (i = 0; i < d.length; i++) {
      if (d[i].className == 'log') {
        flip(d[i]);
      }
    }
  }
}

// -->
</script>

</head>
<body>
<h2 align='center'>Test2</h2><table border='1' align="center">
<tr>
<td>Tests passed/Failed/Skipped:</td><td>0/0/4</td>
</tr><tr>
<td>Started on:</td><td>Sun Jan 21 12:54:53 IST 2024</td>
</tr>
<tr><td>Total time:</td><td>2 seconds (2240 ms)</td>
</tr><tr>
<td>Included groups:</td><td></td>
</tr><tr>
<td>Excluded groups:</td><td></td>
</tr>
</table><p/>
<small><i>(Hover the method name to see the test class name)</i></small><p/>
<table width='100%' border='1' class='invocation-failed'>
<tr><td colspan='4' align='center'><b>FAILED CONFIGURATIONS</b></td></tr>
<tr><td><b>Test method</b></td>
<td><b>Attribute(s)</b></td>
<td width="30%"><b>Exception</b></td>
<td width="10%"><b>Time (seconds)</b></td>
<td><b>Instance</b></td>
</tr>
<tr>
<td title='hrm_EPS_ParallelTests.Class2Test.bcConfig()'><b>bcConfig</b><br>Test class: hrm_EPS_ParallelTests.Class2Test<br>Parameters: chrome</td>
<td><div><pre>org.openqa.selenium.SessionNotCreatedException: Could not start a new session. Response code 500. Message: session not created: This version of ChromeDriver only supports Chrome version 115
Current browser version is 120.0.6099.225 with binary path C:\Program Files (x86)\Google\Chrome\Application\chrome.exe
Build info: version: &apos;3.141.59&apos;, revision: &apos;e82be7d358&apos;, time: &apos;2018-11-14T08:25:53&apos;
System info: host: &apos;QASUDEEP&apos;, ip: &apos;192.168.60.8&apos;, os.name: &apos;Windows 10&apos;, os.arch: &apos;amd64&apos;, os.version: &apos;10.0&apos;, java.version: &apos;17.0.9&apos;
Driver info: driver.version: unknown
remote stacktrace: Backtrace:
	GetHandleVerifier [0x00007FF76EA54A62+57106]
	(No symbol) [0x00007FF76E9CCF52]
	(No symbol) [0x00007FF76E89E2CB]
	(No symbol) [0x00007FF76E8C9FDB]
	(No symbol) [0x00007FF76E8C4F8D]
	(No symbol) [0x00007FF76E8C30AA]
	(No symbol) [0x00007FF76E8FE3F7]
	(No symbol) [0x00007FF76E8FDF60]
	(No symbol) [0x00007FF76E8F6793]
	(No symbol) [0x00007FF76E8CCE81]
	(No symbol) [0x00007FF76E8CE064]
	GetHandleVerifier [0x00007FF76ED04222+2873042]
	GetHandleVerifier [0x00007FF76ED56590+3209792]
	GetHandleVerifier [0x00007FF76ED4F3AF+3180639]
	GetHandleVerifier [0x00007FF76EAE5F25+652245]
	(No symbol) [0x00007FF76E9D8618]
	(No symbol) [0x00007FF76E9D47C4]
	(No symbol) [0x00007FF76E9D48BC]
	(No symbol) [0x00007FF76E9C4C33]
	BaseThreadInitThunk [0x00007FFCB5F67344+20]
	RtlUserThreadStart [0x00007FFCB6AA26B1+33]
 
Host info: host: &apos;LAPTOP-QHMIOBC5&apos;, ip: &apos;192.168.60.66&apos;
Build info: version: &apos;4.11.0&apos;, revision: &apos;040bc5406b&apos;
System info: os.name: &apos;Windows 11&apos;, os.arch: &apos;amd64&apos;, os.version: &apos;10.0&apos;, java.version: &apos;20.0.2&apos;
Driver info: org.openqa.selenium.remote.RemoteWebDriver
Command: [null, newSession {capabilities=[Capabilities {browserName: chrome, platformName: any}]}]
Capabilities {browserName: chrome, platformName: any}
	at org.openqa.selenium.remote.ProtocolHandshake.createSession(ProtocolHandshake.java:140)
	at org.openqa.selenium.remote.ProtocolHandshake.createSession(ProtocolHandshake.java:96)
	at org.openqa.selenium.remote.ProtocolHandshake.createSession(ProtocolHandshake.java:68)
	at org.openqa.selenium.remote.HttpCommandExecutor.execute(HttpCommandExecutor.java:163)
	at org.openqa.selenium.remote.TracedCommandExecutor.execute(TracedCommandExecutor.java:51)
	at org.openqa.selenium.remote.RemoteWebDriver.execute(RemoteWebDriver.java:518)
	at org.openqa.selenium.remote.RemoteWebDriver.startSession(RemoteWebDriver.java:232)
	at org.openqa.selenium.remote.RemoteWebDriver.&lt;init&gt;(RemoteWebDriver.java:159)
	at org.openqa.selenium.remote.RemoteWebDriver.&lt;init&gt;(RemoteWebDriver.java:139)
	at com.GenericUtils.BaseClass_HRM_EPS.bcConfig(BaseClass_HRM_EPS.java:111)
	at java.base/java.util.ArrayList.forEach(ArrayList.java:1511)
	at java.base/java.util.concurrent.FutureTask.run(FutureTask.java:317)
	at java.base/java.util.concurrent.ThreadPoolExecutor.runWorker(ThreadPoolExecutor.java:1144)
	at java.base/java.util.concurrent.ThreadPoolExecutor$Worker.run(ThreadPoolExecutor.java:642)
	at java.base/java.lang.Thread.run(Thread.java:1623)
... Removed 13 stack frames</pre></div><a href='#' onClick='toggleBox("stack-trace605893827", this, "Click to show all stack frames", "Click to hide stack frames")'>Click to show all stack frames</a>
<div class='stack-trace' id='stack-trace605893827'><pre>org.openqa.selenium.SessionNotCreatedException: Could not start a new session. Response code 500. Message: session not created: This version of ChromeDriver only supports Chrome version 115
Current browser version is 120.0.6099.225 with binary path C:\Program Files (x86)\Google\Chrome\Application\chrome.exe
Build info: version: &apos;3.141.59&apos;, revision: &apos;e82be7d358&apos;, time: &apos;2018-11-14T08:25:53&apos;
System info: host: &apos;QASUDEEP&apos;, ip: &apos;192.168.60.8&apos;, os.name: &apos;Windows 10&apos;, os.arch: &apos;amd64&apos;, os.version: &apos;10.0&apos;, java.version: &apos;17.0.9&apos;
Driver info: driver.version: unknown
remote stacktrace: Backtrace:
	GetHandleVerifier [0x00007FF76EA54A62+57106]
	(No symbol) [0x00007FF76E9CCF52]
	(No symbol) [0x00007FF76E89E2CB]
	(No symbol) [0x00007FF76E8C9FDB]
	(No symbol) [0x00007FF76E8C4F8D]
	(No symbol) [0x00007FF76E8C30AA]
	(No symbol) [0x00007FF76E8FE3F7]
	(No symbol) [0x00007FF76E8FDF60]
	(No symbol) [0x00007FF76E8F6793]
	(No symbol) [0x00007FF76E8CCE81]
	(No symbol) [0x00007FF76E8CE064]
	GetHandleVerifier [0x00007FF76ED04222+2873042]
	GetHandleVerifier [0x00007FF76ED56590+3209792]
	GetHandleVerifier [0x00007FF76ED4F3AF+3180639]
	GetHandleVerifier [0x00007FF76EAE5F25+652245]
	(No symbol) [0x00007FF76E9D8618]
	(No symbol) [0x00007FF76E9D47C4]
	(No symbol) [0x00007FF76E9D48BC]
	(No symbol) [0x00007FF76E9C4C33]
	BaseThreadInitThunk [0x00007FFCB5F67344+20]
	RtlUserThreadStart [0x00007FFCB6AA26B1+33]
 
Host info: host: &apos;LAPTOP-QHMIOBC5&apos;, ip: &apos;192.168.60.66&apos;
Build info: version: &apos;4.11.0&apos;, revision: &apos;040bc5406b&apos;
System info: os.name: &apos;Windows 11&apos;, os.arch: &apos;amd64&apos;, os.version: &apos;10.0&apos;, java.version: &apos;20.0.2&apos;
Driver info: org.openqa.selenium.remote.RemoteWebDriver
Command: [null, newSession {capabilities=[Capabilities {browserName: chrome, platformName: any}]}]
Capabilities {browserName: chrome, platformName: any}
	at org.openqa.selenium.remote.ProtocolHandshake.createSession(ProtocolHandshake.java:140)
	at org.openqa.selenium.remote.ProtocolHandshake.createSession(ProtocolHandshake.java:96)
	at org.openqa.selenium.remote.ProtocolHandshake.createSession(ProtocolHandshake.java:68)
	at org.openqa.selenium.remote.HttpCommandExecutor.execute(HttpCommandExecutor.java:163)
	at org.openqa.selenium.remote.TracedCommandExecutor.execute(TracedCommandExecutor.java:51)
	at org.openqa.selenium.remote.RemoteWebDriver.execute(RemoteWebDriver.java:518)
	at org.openqa.selenium.remote.RemoteWebDriver.startSession(RemoteWebDriver.java:232)
	at org.openqa.selenium.remote.RemoteWebDriver.&lt;init&gt;(RemoteWebDriver.java:159)
	at org.openqa.selenium.remote.RemoteWebDriver.&lt;init&gt;(RemoteWebDriver.java:139)
	at com.GenericUtils.BaseClass_HRM_EPS.bcConfig(BaseClass_HRM_EPS.java:111)
	at java.base/jdk.internal.reflect.DirectMethodHandleAccessor.invoke(DirectMethodHandleAccessor.java:104)
	at java.base/java.lang.reflect.Method.invoke(Method.java:578)
	at org.testng.internal.invokers.MethodInvocationHelper.invokeMethod(MethodInvocationHelper.java:139)
	at org.testng.internal.invokers.MethodInvocationHelper.invokeMethodConsideringTimeout(MethodInvocationHelper.java:69)
	at org.testng.internal.invokers.ConfigInvoker.invokeConfigurationMethod(ConfigInvoker.java:361)
	at org.testng.internal.invokers.ConfigInvoker.invokeConfigurations(ConfigInvoker.java:296)
	at org.testng.internal.invokers.TestMethodWorker.invokeBeforeClassMethods(TestMethodWorker.java:180)
	at org.testng.internal.invokers.TestMethodWorker.run(TestMethodWorker.java:122)
	at java.base/java.util.ArrayList.forEach(ArrayList.java:1511)
	at org.testng.TestRunner.privateRun(TestRunner.java:829)
	at org.testng.TestRunner.run(TestRunner.java:602)
	at org.testng.SuiteRunner.runTest(SuiteRunner.java:437)
	at org.testng.SuiteRunner$SuiteWorker.run(SuiteRunner.java:475)
	at org.testng.internal.thread.ThreadUtil.lambda$execute$0(ThreadUtil.java:58)
	at java.base/java.util.concurrent.FutureTask.run(FutureTask.java:317)
	at java.base/java.util.concurrent.ThreadPoolExecutor.runWorker(ThreadPoolExecutor.java:1144)
	at java.base/java.util.concurrent.ThreadPoolExecutor$Worker.run(ThreadPoolExecutor.java:642)
	at java.base/java.lang.Thread.run(Thread.java:1623)
</pre></div></td>
<td>2</td>
<td>hrm_EPS_ParallelTests.Class2Test@4a003cbe</td></tr>
</table><p>
<table width='100%' border='1' class='invocation-skipped'>
<tr><td colspan='4' align='center'><b>SKIPPED CONFIGURATIONS</b></td></tr>
<tr><td><b>Test method</b></td>
<td><b>Attribute(s)</b></td>
<td width="30%"><b>Exception</b></td>
<td width="10%"><b>Time (seconds)</b></td>
<td><b>Instance</b></td>
</tr>
<tr>
<td title='hrm_EPS_ParallelTests.Class2Test.amConfig()'><b>amConfig</b><br>Test class: hrm_EPS_ParallelTests.Class2Test</td>
<td></td>
<td>0</td>
<td>hrm_EPS_ParallelTests.Class2Test@4a003cbe</td></tr>
<tr>
<td title='hrm_EPS_ParallelTests.Class2Test.amConfig()'><b>amConfig</b><br>Test class: hrm_EPS_ParallelTests.Class2Test</td>
<td></td>
<td>0</td>
<td>hrm_EPS_ParallelTests.Class2Test@4a003cbe</td></tr>
<tr>
<td title='hrm_EPS_ParallelTests.Class2Test.amConfig()'><b>amConfig</b><br>Test class: hrm_EPS_ParallelTests.Class2Test</td>
<td></td>
<td>0</td>
<td>hrm_EPS_ParallelTests.Class2Test@4a003cbe</td></tr>
<tr>
<td title='hrm_EPS_ParallelTests.Class2Test.amConfig()'><b>amConfig</b><br>Test class: hrm_EPS_ParallelTests.Class2Test</td>
<td></td>
<td>0</td>
<td>hrm_EPS_ParallelTests.Class2Test@4a003cbe</td></tr>
<tr>
<td title='hrm_EPS_ParallelTests.Class2Test.bmConfig()'><b>bmConfig</b><br>Test class: hrm_EPS_ParallelTests.Class2Test</td>
<td></td>
<td>0</td>
<td>hrm_EPS_ParallelTests.Class2Test@4a003cbe</td></tr>
<tr>
<td title='hrm_EPS_ParallelTests.Class2Test.bmConfig()'><b>bmConfig</b><br>Test class: hrm_EPS_ParallelTests.Class2Test</td>
<td></td>
<td>0</td>
<td>hrm_EPS_ParallelTests.Class2Test@4a003cbe</td></tr>
<tr>
<td title='hrm_EPS_ParallelTests.Class2Test.bmConfig()'><b>bmConfig</b><br>Test class: hrm_EPS_ParallelTests.Class2Test</td>
<td></td>
<td>0</td>
<td>hrm_EPS_ParallelTests.Class2Test@4a003cbe</td></tr>
<tr>
<td title='hrm_EPS_ParallelTests.Class2Test.bmConfig()'><b>bmConfig</b><br>Test class: hrm_EPS_ParallelTests.Class2Test</td>
<td></td>
<td>0</td>
<td>hrm_EPS_ParallelTests.Class2Test@4a003cbe</td></tr>
<tr>
<td title='hrm_EPS_ParallelTests.Class2Test.acConfig()'><b>acConfig</b><br>Test class: hrm_EPS_ParallelTests.Class2Test</td>
<td></td>
<td>0</td>
<td>hrm_EPS_ParallelTests.Class2Test@4a003cbe</td></tr>
</table><p>
<table width='100%' border='1' class='invocation-skipped'>
<tr><td colspan='4' align='center'><b>SKIPPED TESTS</b></td></tr>
<tr><td><b>Test method</b></td>
<td><b>Attribute(s)</b></td>
<td width="30%"><b>Exception</b></td>
<td width="10%"><b>Time (seconds)</b></td>
<td><b>Instance</b></td>
</tr>
<tr>
<td title='hrm_EPS_ParallelTests.Class2Test.clickOnTime()'><b>clickOnTime</b><br>Test class: hrm_EPS_ParallelTests.Class2Test</td>
<td><div><pre>org.openqa.selenium.SessionNotCreatedException: Could not start a new session. Response code 500. Message: session not created: This version of ChromeDriver only supports Chrome version 115
Current browser version is 120.0.6099.225 with binary path C:\Program Files (x86)\Google\Chrome\Application\chrome.exe
Build info: version: &apos;3.141.59&apos;, revision: &apos;e82be7d358&apos;, time: &apos;2018-11-14T08:25:53&apos;
System info: host: &apos;QASUDEEP&apos;, ip: &apos;192.168.60.8&apos;, os.name: &apos;Windows 10&apos;, os.arch: &apos;amd64&apos;, os.version: &apos;10.0&apos;, java.version: &apos;17.0.9&apos;
Driver info: driver.version: unknown
remote stacktrace: Backtrace:
	GetHandleVerifier [0x00007FF76EA54A62+57106]
	(No symbol) [0x00007FF76E9CCF52]
	(No symbol) [0x00007FF76E89E2CB]
	(No symbol) [0x00007FF76E8C9FDB]
	(No symbol) [0x00007FF76E8C4F8D]
	(No symbol) [0x00007FF76E8C30AA]
	(No symbol) [0x00007FF76E8FE3F7]
	(No symbol) [0x00007FF76E8FDF60]
	(No symbol) [0x00007FF76E8F6793]
	(No symbol) [0x00007FF76E8CCE81]
	(No symbol) [0x00007FF76E8CE064]
	GetHandleVerifier [0x00007FF76ED04222+2873042]
	GetHandleVerifier [0x00007FF76ED56590+3209792]
	GetHandleVerifier [0x00007FF76ED4F3AF+3180639]
	GetHandleVerifier [0x00007FF76EAE5F25+652245]
	(No symbol) [0x00007FF76E9D8618]
	(No symbol) [0x00007FF76E9D47C4]
	(No symbol) [0x00007FF76E9D48BC]
	(No symbol) [0x00007FF76E9C4C33]
	BaseThreadInitThunk [0x00007FFCB5F67344+20]
	RtlUserThreadStart [0x00007FFCB6AA26B1+33]
 
Host info: host: &apos;LAPTOP-QHMIOBC5&apos;, ip: &apos;192.168.60.66&apos;
Build info: version: &apos;4.11.0&apos;, revision: &apos;040bc5406b&apos;
System info: os.name: &apos;Windows 11&apos;, os.arch: &apos;amd64&apos;, os.version: &apos;10.0&apos;, java.version: &apos;20.0.2&apos;
Driver info: org.openqa.selenium.remote.RemoteWebDriver
Command: [null, newSession {capabilities=[Capabilities {browserName: chrome, platformName: any}]}]
Capabilities {browserName: chrome, platformName: any}
	at org.openqa.selenium.remote.ProtocolHandshake.createSession(ProtocolHandshake.java:140)
	at org.openqa.selenium.remote.ProtocolHandshake.createSession(ProtocolHandshake.java:96)
	at org.openqa.selenium.remote.ProtocolHandshake.createSession(ProtocolHandshake.java:68)
	at org.openqa.selenium.remote.HttpCommandExecutor.execute(HttpCommandExecutor.java:163)
	at org.openqa.selenium.remote.TracedCommandExecutor.execute(TracedCommandExecutor.java:51)
	at org.openqa.selenium.remote.RemoteWebDriver.execute(RemoteWebDriver.java:518)
	at org.openqa.selenium.remote.RemoteWebDriver.startSession(RemoteWebDriver.java:232)
	at org.openqa.selenium.remote.RemoteWebDriver.&lt;init&gt;(RemoteWebDriver.java:159)
	at org.openqa.selenium.remote.RemoteWebDriver.&lt;init&gt;(RemoteWebDriver.java:139)
	at com.GenericUtils.BaseClass_HRM_EPS.bcConfig(BaseClass_HRM_EPS.java:111)
	at java.base/java.util.ArrayList.forEach(ArrayList.java:1511)
	at java.base/java.util.concurrent.FutureTask.run(FutureTask.java:317)
	at java.base/java.util.concurrent.ThreadPoolExecutor.runWorker(ThreadPoolExecutor.java:1144)
	at java.base/java.util.concurrent.ThreadPoolExecutor$Worker.run(ThreadPoolExecutor.java:642)
	at java.base/java.lang.Thread.run(Thread.java:1623)
... Removed 13 stack frames</pre></div><a href='#' onClick='toggleBox("stack-trace377419629", this, "Click to show all stack frames", "Click to hide stack frames")'>Click to show all stack frames</a>
<div class='stack-trace' id='stack-trace377419629'><pre>org.openqa.selenium.SessionNotCreatedException: Could not start a new session. Response code 500. Message: session not created: This version of ChromeDriver only supports Chrome version 115
Current browser version is 120.0.6099.225 with binary path C:\Program Files (x86)\Google\Chrome\Application\chrome.exe
Build info: version: &apos;3.141.59&apos;, revision: &apos;e82be7d358&apos;, time: &apos;2018-11-14T08:25:53&apos;
System info: host: &apos;QASUDEEP&apos;, ip: &apos;192.168.60.8&apos;, os.name: &apos;Windows 10&apos;, os.arch: &apos;amd64&apos;, os.version: &apos;10.0&apos;, java.version: &apos;17.0.9&apos;
Driver info: driver.version: unknown
remote stacktrace: Backtrace:
	GetHandleVerifier [0x00007FF76EA54A62+57106]
	(No symbol) [0x00007FF76E9CCF52]
	(No symbol) [0x00007FF76E89E2CB]
	(No symbol) [0x00007FF76E8C9FDB]
	(No symbol) [0x00007FF76E8C4F8D]
	(No symbol) [0x00007FF76E8C30AA]
	(No symbol) [0x00007FF76E8FE3F7]
	(No symbol) [0x00007FF76E8FDF60]
	(No symbol) [0x00007FF76E8F6793]
	(No symbol) [0x00007FF76E8CCE81]
	(No symbol) [0x00007FF76E8CE064]
	GetHandleVerifier [0x00007FF76ED04222+2873042]
	GetHandleVerifier [0x00007FF76ED56590+3209792]
	GetHandleVerifier [0x00007FF76ED4F3AF+3180639]
	GetHandleVerifier [0x00007FF76EAE5F25+652245]
	(No symbol) [0x00007FF76E9D8618]
	(No symbol) [0x00007FF76E9D47C4]
	(No symbol) [0x00007FF76E9D48BC]
	(No symbol) [0x00007FF76E9C4C33]
	BaseThreadInitThunk [0x00007FFCB5F67344+20]
	RtlUserThreadStart [0x00007FFCB6AA26B1+33]
 
Host info: host: &apos;LAPTOP-QHMIOBC5&apos;, ip: &apos;192.168.60.66&apos;
Build info: version: &apos;4.11.0&apos;, revision: &apos;040bc5406b&apos;
System info: os.name: &apos;Windows 11&apos;, os.arch: &apos;amd64&apos;, os.version: &apos;10.0&apos;, java.version: &apos;20.0.2&apos;
Driver info: org.openqa.selenium.remote.RemoteWebDriver
Command: [null, newSession {capabilities=[Capabilities {browserName: chrome, platformName: any}]}]
Capabilities {browserName: chrome, platformName: any}
	at org.openqa.selenium.remote.ProtocolHandshake.createSession(ProtocolHandshake.java:140)
	at org.openqa.selenium.remote.ProtocolHandshake.createSession(ProtocolHandshake.java:96)
	at org.openqa.selenium.remote.ProtocolHandshake.createSession(ProtocolHandshake.java:68)
	at org.openqa.selenium.remote.HttpCommandExecutor.execute(HttpCommandExecutor.java:163)
	at org.openqa.selenium.remote.TracedCommandExecutor.execute(TracedCommandExecutor.java:51)
	at org.openqa.selenium.remote.RemoteWebDriver.execute(RemoteWebDriver.java:518)
	at org.openqa.selenium.remote.RemoteWebDriver.startSession(RemoteWebDriver.java:232)
	at org.openqa.selenium.remote.RemoteWebDriver.&lt;init&gt;(RemoteWebDriver.java:159)
	at org.openqa.selenium.remote.RemoteWebDriver.&lt;init&gt;(RemoteWebDriver.java:139)
	at com.GenericUtils.BaseClass_HRM_EPS.bcConfig(BaseClass_HRM_EPS.java:111)
	at java.base/jdk.internal.reflect.DirectMethodHandleAccessor.invoke(DirectMethodHandleAccessor.java:104)
	at java.base/java.lang.reflect.Method.invoke(Method.java:578)
	at org.testng.internal.invokers.MethodInvocationHelper.invokeMethod(MethodInvocationHelper.java:139)
	at org.testng.internal.invokers.MethodInvocationHelper.invokeMethodConsideringTimeout(MethodInvocationHelper.java:69)
	at org.testng.internal.invokers.ConfigInvoker.invokeConfigurationMethod(ConfigInvoker.java:361)
	at org.testng.internal.invokers.ConfigInvoker.invokeConfigurations(ConfigInvoker.java:296)
	at org.testng.internal.invokers.TestMethodWorker.invokeBeforeClassMethods(TestMethodWorker.java:180)
	at org.testng.internal.invokers.TestMethodWorker.run(TestMethodWorker.java:122)
	at java.base/java.util.ArrayList.forEach(ArrayList.java:1511)
	at org.testng.TestRunner.privateRun(TestRunner.java:829)
	at org.testng.TestRunner.run(TestRunner.java:602)
	at org.testng.SuiteRunner.runTest(SuiteRunner.java:437)
	at org.testng.SuiteRunner$SuiteWorker.run(SuiteRunner.java:475)
	at org.testng.internal.thread.ThreadUtil.lambda$execute$0(ThreadUtil.java:58)
	at java.base/java.util.concurrent.FutureTask.run(FutureTask.java:317)
	at java.base/java.util.concurrent.ThreadPoolExecutor.runWorker(ThreadPoolExecutor.java:1144)
	at java.base/java.util.concurrent.ThreadPoolExecutor$Worker.run(ThreadPoolExecutor.java:642)
	at java.base/java.lang.Thread.run(Thread.java:1623)
</pre></div></td>
<td>0</td>
<td>hrm_EPS_ParallelTests.Class2Test@4a003cbe</td></tr>
<tr>
<td title='hrm_EPS_ParallelTests.Class2Test.clickOnLeave()'><b>clickOnLeave</b><br>Test class: hrm_EPS_ParallelTests.Class2Test</td>
<td><div><pre>org.openqa.selenium.SessionNotCreatedException: Could not start a new session. Response code 500. Message: session not created: This version of ChromeDriver only supports Chrome version 115
Current browser version is 120.0.6099.225 with binary path C:\Program Files (x86)\Google\Chrome\Application\chrome.exe
Build info: version: &apos;3.141.59&apos;, revision: &apos;e82be7d358&apos;, time: &apos;2018-11-14T08:25:53&apos;
System info: host: &apos;QASUDEEP&apos;, ip: &apos;192.168.60.8&apos;, os.name: &apos;Windows 10&apos;, os.arch: &apos;amd64&apos;, os.version: &apos;10.0&apos;, java.version: &apos;17.0.9&apos;
Driver info: driver.version: unknown
remote stacktrace: Backtrace:
	GetHandleVerifier [0x00007FF76EA54A62+57106]
	(No symbol) [0x00007FF76E9CCF52]
	(No symbol) [0x00007FF76E89E2CB]
	(No symbol) [0x00007FF76E8C9FDB]
	(No symbol) [0x00007FF76E8C4F8D]
	(No symbol) [0x00007FF76E8C30AA]
	(No symbol) [0x00007FF76E8FE3F7]
	(No symbol) [0x00007FF76E8FDF60]
	(No symbol) [0x00007FF76E8F6793]
	(No symbol) [0x00007FF76E8CCE81]
	(No symbol) [0x00007FF76E8CE064]
	GetHandleVerifier [0x00007FF76ED04222+2873042]
	GetHandleVerifier [0x00007FF76ED56590+3209792]
	GetHandleVerifier [0x00007FF76ED4F3AF+3180639]
	GetHandleVerifier [0x00007FF76EAE5F25+652245]
	(No symbol) [0x00007FF76E9D8618]
	(No symbol) [0x00007FF76E9D47C4]
	(No symbol) [0x00007FF76E9D48BC]
	(No symbol) [0x00007FF76E9C4C33]
	BaseThreadInitThunk [0x00007FFCB5F67344+20]
	RtlUserThreadStart [0x00007FFCB6AA26B1+33]
 
Host info: host: &apos;LAPTOP-QHMIOBC5&apos;, ip: &apos;192.168.60.66&apos;
Build info: version: &apos;4.11.0&apos;, revision: &apos;040bc5406b&apos;
System info: os.name: &apos;Windows 11&apos;, os.arch: &apos;amd64&apos;, os.version: &apos;10.0&apos;, java.version: &apos;20.0.2&apos;
Driver info: org.openqa.selenium.remote.RemoteWebDriver
Command: [null, newSession {capabilities=[Capabilities {browserName: chrome, platformName: any}]}]
Capabilities {browserName: chrome, platformName: any}
	at org.openqa.selenium.remote.ProtocolHandshake.createSession(ProtocolHandshake.java:140)
	at org.openqa.selenium.remote.ProtocolHandshake.createSession(ProtocolHandshake.java:96)
	at org.openqa.selenium.remote.ProtocolHandshake.createSession(ProtocolHandshake.java:68)
	at org.openqa.selenium.remote.HttpCommandExecutor.execute(HttpCommandExecutor.java:163)
	at org.openqa.selenium.remote.TracedCommandExecutor.execute(TracedCommandExecutor.java:51)
	at org.openqa.selenium.remote.RemoteWebDriver.execute(RemoteWebDriver.java:518)
	at org.openqa.selenium.remote.RemoteWebDriver.startSession(RemoteWebDriver.java:232)
	at org.openqa.selenium.remote.RemoteWebDriver.&lt;init&gt;(RemoteWebDriver.java:159)
	at org.openqa.selenium.remote.RemoteWebDriver.&lt;init&gt;(RemoteWebDriver.java:139)
	at com.GenericUtils.BaseClass_HRM_EPS.bcConfig(BaseClass_HRM_EPS.java:111)
	at java.base/java.util.ArrayList.forEach(ArrayList.java:1511)
	at java.base/java.util.concurrent.FutureTask.run(FutureTask.java:317)
	at java.base/java.util.concurrent.ThreadPoolExecutor.runWorker(ThreadPoolExecutor.java:1144)
	at java.base/java.util.concurrent.ThreadPoolExecutor$Worker.run(ThreadPoolExecutor.java:642)
	at java.base/java.lang.Thread.run(Thread.java:1623)
... Removed 13 stack frames</pre></div><a href='#' onClick='toggleBox("stack-trace2032647328", this, "Click to show all stack frames", "Click to hide stack frames")'>Click to show all stack frames</a>
<div class='stack-trace' id='stack-trace2032647328'><pre>org.openqa.selenium.SessionNotCreatedException: Could not start a new session. Response code 500. Message: session not created: This version of ChromeDriver only supports Chrome version 115
Current browser version is 120.0.6099.225 with binary path C:\Program Files (x86)\Google\Chrome\Application\chrome.exe
Build info: version: &apos;3.141.59&apos;, revision: &apos;e82be7d358&apos;, time: &apos;2018-11-14T08:25:53&apos;
System info: host: &apos;QASUDEEP&apos;, ip: &apos;192.168.60.8&apos;, os.name: &apos;Windows 10&apos;, os.arch: &apos;amd64&apos;, os.version: &apos;10.0&apos;, java.version: &apos;17.0.9&apos;
Driver info: driver.version: unknown
remote stacktrace: Backtrace:
	GetHandleVerifier [0x00007FF76EA54A62+57106]
	(No symbol) [0x00007FF76E9CCF52]
	(No symbol) [0x00007FF76E89E2CB]
	(No symbol) [0x00007FF76E8C9FDB]
	(No symbol) [0x00007FF76E8C4F8D]
	(No symbol) [0x00007FF76E8C30AA]
	(No symbol) [0x00007FF76E8FE3F7]
	(No symbol) [0x00007FF76E8FDF60]
	(No symbol) [0x00007FF76E8F6793]
	(No symbol) [0x00007FF76E8CCE81]
	(No symbol) [0x00007FF76E8CE064]
	GetHandleVerifier [0x00007FF76ED04222+2873042]
	GetHandleVerifier [0x00007FF76ED56590+3209792]
	GetHandleVerifier [0x00007FF76ED4F3AF+3180639]
	GetHandleVerifier [0x00007FF76EAE5F25+652245]
	(No symbol) [0x00007FF76E9D8618]
	(No symbol) [0x00007FF76E9D47C4]
	(No symbol) [0x00007FF76E9D48BC]
	(No symbol) [0x00007FF76E9C4C33]
	BaseThreadInitThunk [0x00007FFCB5F67344+20]
	RtlUserThreadStart [0x00007FFCB6AA26B1+33]
 
Host info: host: &apos;LAPTOP-QHMIOBC5&apos;, ip: &apos;192.168.60.66&apos;
Build info: version: &apos;4.11.0&apos;, revision: &apos;040bc5406b&apos;
System info: os.name: &apos;Windows 11&apos;, os.arch: &apos;amd64&apos;, os.version: &apos;10.0&apos;, java.version: &apos;20.0.2&apos;
Driver info: org.openqa.selenium.remote.RemoteWebDriver
Command: [null, newSession {capabilities=[Capabilities {browserName: chrome, platformName: any}]}]
Capabilities {browserName: chrome, platformName: any}
	at org.openqa.selenium.remote.ProtocolHandshake.createSession(ProtocolHandshake.java:140)
	at org.openqa.selenium.remote.ProtocolHandshake.createSession(ProtocolHandshake.java:96)
	at org.openqa.selenium.remote.ProtocolHandshake.createSession(ProtocolHandshake.java:68)
	at org.openqa.selenium.remote.HttpCommandExecutor.execute(HttpCommandExecutor.java:163)
	at org.openqa.selenium.remote.TracedCommandExecutor.execute(TracedCommandExecutor.java:51)
	at org.openqa.selenium.remote.RemoteWebDriver.execute(RemoteWebDriver.java:518)
	at org.openqa.selenium.remote.RemoteWebDriver.startSession(RemoteWebDriver.java:232)
	at org.openqa.selenium.remote.RemoteWebDriver.&lt;init&gt;(RemoteWebDriver.java:159)
	at org.openqa.selenium.remote.RemoteWebDriver.&lt;init&gt;(RemoteWebDriver.java:139)
	at com.GenericUtils.BaseClass_HRM_EPS.bcConfig(BaseClass_HRM_EPS.java:111)
	at java.base/jdk.internal.reflect.DirectMethodHandleAccessor.invoke(DirectMethodHandleAccessor.java:104)
	at java.base/java.lang.reflect.Method.invoke(Method.java:578)
	at org.testng.internal.invokers.MethodInvocationHelper.invokeMethod(MethodInvocationHelper.java:139)
	at org.testng.internal.invokers.MethodInvocationHelper.invokeMethodConsideringTimeout(MethodInvocationHelper.java:69)
	at org.testng.internal.invokers.ConfigInvoker.invokeConfigurationMethod(ConfigInvoker.java:361)
	at org.testng.internal.invokers.ConfigInvoker.invokeConfigurations(ConfigInvoker.java:296)
	at org.testng.internal.invokers.TestMethodWorker.invokeBeforeClassMethods(TestMethodWorker.java:180)
	at org.testng.internal.invokers.TestMethodWorker.run(TestMethodWorker.java:122)
	at java.base/java.util.ArrayList.forEach(ArrayList.java:1511)
	at org.testng.TestRunner.privateRun(TestRunner.java:829)
	at org.testng.TestRunner.run(TestRunner.java:602)
	at org.testng.SuiteRunner.runTest(SuiteRunner.java:437)
	at org.testng.SuiteRunner$SuiteWorker.run(SuiteRunner.java:475)
	at org.testng.internal.thread.ThreadUtil.lambda$execute$0(ThreadUtil.java:58)
	at java.base/java.util.concurrent.FutureTask.run(FutureTask.java:317)
	at java.base/java.util.concurrent.ThreadPoolExecutor.runWorker(ThreadPoolExecutor.java:1144)
	at java.base/java.util.concurrent.ThreadPoolExecutor$Worker.run(ThreadPoolExecutor.java:642)
	at java.base/java.lang.Thread.run(Thread.java:1623)
</pre></div></td>
<td>0</td>
<td>hrm_EPS_ParallelTests.Class2Test@4a003cbe</td></tr>
<tr>
<td title='hrm_EPS_ParallelTests.Class2Test.clickOnAdmin()'><b>clickOnAdmin</b><br>Test class: hrm_EPS_ParallelTests.Class2Test</td>
<td><div><pre>org.openqa.selenium.SessionNotCreatedException: Could not start a new session. Response code 500. Message: session not created: This version of ChromeDriver only supports Chrome version 115
Current browser version is 120.0.6099.225 with binary path C:\Program Files (x86)\Google\Chrome\Application\chrome.exe
Build info: version: &apos;3.141.59&apos;, revision: &apos;e82be7d358&apos;, time: &apos;2018-11-14T08:25:53&apos;
System info: host: &apos;QASUDEEP&apos;, ip: &apos;192.168.60.8&apos;, os.name: &apos;Windows 10&apos;, os.arch: &apos;amd64&apos;, os.version: &apos;10.0&apos;, java.version: &apos;17.0.9&apos;
Driver info: driver.version: unknown
remote stacktrace: Backtrace:
	GetHandleVerifier [0x00007FF76EA54A62+57106]
	(No symbol) [0x00007FF76E9CCF52]
	(No symbol) [0x00007FF76E89E2CB]
	(No symbol) [0x00007FF76E8C9FDB]
	(No symbol) [0x00007FF76E8C4F8D]
	(No symbol) [0x00007FF76E8C30AA]
	(No symbol) [0x00007FF76E8FE3F7]
	(No symbol) [0x00007FF76E8FDF60]
	(No symbol) [0x00007FF76E8F6793]
	(No symbol) [0x00007FF76E8CCE81]
	(No symbol) [0x00007FF76E8CE064]
	GetHandleVerifier [0x00007FF76ED04222+2873042]
	GetHandleVerifier [0x00007FF76ED56590+3209792]
	GetHandleVerifier [0x00007FF76ED4F3AF+3180639]
	GetHandleVerifier [0x00007FF76EAE5F25+652245]
	(No symbol) [0x00007FF76E9D8618]
	(No symbol) [0x00007FF76E9D47C4]
	(No symbol) [0x00007FF76E9D48BC]
	(No symbol) [0x00007FF76E9C4C33]
	BaseThreadInitThunk [0x00007FFCB5F67344+20]
	RtlUserThreadStart [0x00007FFCB6AA26B1+33]
 
Host info: host: &apos;LAPTOP-QHMIOBC5&apos;, ip: &apos;192.168.60.66&apos;
Build info: version: &apos;4.11.0&apos;, revision: &apos;040bc5406b&apos;
System info: os.name: &apos;Windows 11&apos;, os.arch: &apos;amd64&apos;, os.version: &apos;10.0&apos;, java.version: &apos;20.0.2&apos;
Driver info: org.openqa.selenium.remote.RemoteWebDriver
Command: [null, newSession {capabilities=[Capabilities {browserName: chrome, platformName: any}]}]
Capabilities {browserName: chrome, platformName: any}
	at org.openqa.selenium.remote.ProtocolHandshake.createSession(ProtocolHandshake.java:140)
	at org.openqa.selenium.remote.ProtocolHandshake.createSession(ProtocolHandshake.java:96)
	at org.openqa.selenium.remote.ProtocolHandshake.createSession(ProtocolHandshake.java:68)
	at org.openqa.selenium.remote.HttpCommandExecutor.execute(HttpCommandExecutor.java:163)
	at org.openqa.selenium.remote.TracedCommandExecutor.execute(TracedCommandExecutor.java:51)
	at org.openqa.selenium.remote.RemoteWebDriver.execute(RemoteWebDriver.java:518)
	at org.openqa.selenium.remote.RemoteWebDriver.startSession(RemoteWebDriver.java:232)
	at org.openqa.selenium.remote.RemoteWebDriver.&lt;init&gt;(RemoteWebDriver.java:159)
	at org.openqa.selenium.remote.RemoteWebDriver.&lt;init&gt;(RemoteWebDriver.java:139)
	at com.GenericUtils.BaseClass_HRM_EPS.bcConfig(BaseClass_HRM_EPS.java:111)
	at java.base/java.util.ArrayList.forEach(ArrayList.java:1511)
	at java.base/java.util.concurrent.FutureTask.run(FutureTask.java:317)
	at java.base/java.util.concurrent.ThreadPoolExecutor.runWorker(ThreadPoolExecutor.java:1144)
	at java.base/java.util.concurrent.ThreadPoolExecutor$Worker.run(ThreadPoolExecutor.java:642)
	at java.base/java.lang.Thread.run(Thread.java:1623)
... Removed 13 stack frames</pre></div><a href='#' onClick='toggleBox("stack-trace1015532060", this, "Click to show all stack frames", "Click to hide stack frames")'>Click to show all stack frames</a>
<div class='stack-trace' id='stack-trace1015532060'><pre>org.openqa.selenium.SessionNotCreatedException: Could not start a new session. Response code 500. Message: session not created: This version of ChromeDriver only supports Chrome version 115
Current browser version is 120.0.6099.225 with binary path C:\Program Files (x86)\Google\Chrome\Application\chrome.exe
Build info: version: &apos;3.141.59&apos;, revision: &apos;e82be7d358&apos;, time: &apos;2018-11-14T08:25:53&apos;
System info: host: &apos;QASUDEEP&apos;, ip: &apos;192.168.60.8&apos;, os.name: &apos;Windows 10&apos;, os.arch: &apos;amd64&apos;, os.version: &apos;10.0&apos;, java.version: &apos;17.0.9&apos;
Driver info: driver.version: unknown
remote stacktrace: Backtrace:
	GetHandleVerifier [0x00007FF76EA54A62+57106]
	(No symbol) [0x00007FF76E9CCF52]
	(No symbol) [0x00007FF76E89E2CB]
	(No symbol) [0x00007FF76E8C9FDB]
	(No symbol) [0x00007FF76E8C4F8D]
	(No symbol) [0x00007FF76E8C30AA]
	(No symbol) [0x00007FF76E8FE3F7]
	(No symbol) [0x00007FF76E8FDF60]
	(No symbol) [0x00007FF76E8F6793]
	(No symbol) [0x00007FF76E8CCE81]
	(No symbol) [0x00007FF76E8CE064]
	GetHandleVerifier [0x00007FF76ED04222+2873042]
	GetHandleVerifier [0x00007FF76ED56590+3209792]
	GetHandleVerifier [0x00007FF76ED4F3AF+3180639]
	GetHandleVerifier [0x00007FF76EAE5F25+652245]
	(No symbol) [0x00007FF76E9D8618]
	(No symbol) [0x00007FF76E9D47C4]
	(No symbol) [0x00007FF76E9D48BC]
	(No symbol) [0x00007FF76E9C4C33]
	BaseThreadInitThunk [0x00007FFCB5F67344+20]
	RtlUserThreadStart [0x00007FFCB6AA26B1+33]
 
Host info: host: &apos;LAPTOP-QHMIOBC5&apos;, ip: &apos;192.168.60.66&apos;
Build info: version: &apos;4.11.0&apos;, revision: &apos;040bc5406b&apos;
System info: os.name: &apos;Windows 11&apos;, os.arch: &apos;amd64&apos;, os.version: &apos;10.0&apos;, java.version: &apos;20.0.2&apos;
Driver info: org.openqa.selenium.remote.RemoteWebDriver
Command: [null, newSession {capabilities=[Capabilities {browserName: chrome, platformName: any}]}]
Capabilities {browserName: chrome, platformName: any}
	at org.openqa.selenium.remote.ProtocolHandshake.createSession(ProtocolHandshake.java:140)
	at org.openqa.selenium.remote.ProtocolHandshake.createSession(ProtocolHandshake.java:96)
	at org.openqa.selenium.remote.ProtocolHandshake.createSession(ProtocolHandshake.java:68)
	at org.openqa.selenium.remote.HttpCommandExecutor.execute(HttpCommandExecutor.java:163)
	at org.openqa.selenium.remote.TracedCommandExecutor.execute(TracedCommandExecutor.java:51)
	at org.openqa.selenium.remote.RemoteWebDriver.execute(RemoteWebDriver.java:518)
	at org.openqa.selenium.remote.RemoteWebDriver.startSession(RemoteWebDriver.java:232)
	at org.openqa.selenium.remote.RemoteWebDriver.&lt;init&gt;(RemoteWebDriver.java:159)
	at org.openqa.selenium.remote.RemoteWebDriver.&lt;init&gt;(RemoteWebDriver.java:139)
	at com.GenericUtils.BaseClass_HRM_EPS.bcConfig(BaseClass_HRM_EPS.java:111)
	at java.base/jdk.internal.reflect.DirectMethodHandleAccessor.invoke(DirectMethodHandleAccessor.java:104)
	at java.base/java.lang.reflect.Method.invoke(Method.java:578)
	at org.testng.internal.invokers.MethodInvocationHelper.invokeMethod(MethodInvocationHelper.java:139)
	at org.testng.internal.invokers.MethodInvocationHelper.invokeMethodConsideringTimeout(MethodInvocationHelper.java:69)
	at org.testng.internal.invokers.ConfigInvoker.invokeConfigurationMethod(ConfigInvoker.java:361)
	at org.testng.internal.invokers.ConfigInvoker.invokeConfigurations(ConfigInvoker.java:296)
	at org.testng.internal.invokers.TestMethodWorker.invokeBeforeClassMethods(TestMethodWorker.java:180)
	at org.testng.internal.invokers.TestMethodWorker.run(TestMethodWorker.java:122)
	at java.base/java.util.ArrayList.forEach(ArrayList.java:1511)
	at org.testng.TestRunner.privateRun(TestRunner.java:829)
	at org.testng.TestRunner.run(TestRunner.java:602)
	at org.testng.SuiteRunner.runTest(SuiteRunner.java:437)
	at org.testng.SuiteRunner$SuiteWorker.run(SuiteRunner.java:475)
	at org.testng.internal.thread.ThreadUtil.lambda$execute$0(ThreadUtil.java:58)
	at java.base/java.util.concurrent.FutureTask.run(FutureTask.java:317)
	at java.base/java.util.concurrent.ThreadPoolExecutor.runWorker(ThreadPoolExecutor.java:1144)
	at java.base/java.util.concurrent.ThreadPoolExecutor$Worker.run(ThreadPoolExecutor.java:642)
	at java.base/java.lang.Thread.run(Thread.java:1623)
</pre></div></td>
<td>0</td>
<td>hrm_EPS_ParallelTests.Class2Test@4a003cbe</td></tr>
<tr>
<td title='hrm_EPS_ParallelTests.Class2Test.pim()'><b>pim</b><br>Test class: hrm_EPS_ParallelTests.Class2Test</td>
<td><div><pre>org.openqa.selenium.SessionNotCreatedException: Could not start a new session. Response code 500. Message: session not created: This version of ChromeDriver only supports Chrome version 115
Current browser version is 120.0.6099.225 with binary path C:\Program Files (x86)\Google\Chrome\Application\chrome.exe
Build info: version: &apos;3.141.59&apos;, revision: &apos;e82be7d358&apos;, time: &apos;2018-11-14T08:25:53&apos;
System info: host: &apos;QASUDEEP&apos;, ip: &apos;192.168.60.8&apos;, os.name: &apos;Windows 10&apos;, os.arch: &apos;amd64&apos;, os.version: &apos;10.0&apos;, java.version: &apos;17.0.9&apos;
Driver info: driver.version: unknown
remote stacktrace: Backtrace:
	GetHandleVerifier [0x00007FF76EA54A62+57106]
	(No symbol) [0x00007FF76E9CCF52]
	(No symbol) [0x00007FF76E89E2CB]
	(No symbol) [0x00007FF76E8C9FDB]
	(No symbol) [0x00007FF76E8C4F8D]
	(No symbol) [0x00007FF76E8C30AA]
	(No symbol) [0x00007FF76E8FE3F7]
	(No symbol) [0x00007FF76E8FDF60]
	(No symbol) [0x00007FF76E8F6793]
	(No symbol) [0x00007FF76E8CCE81]
	(No symbol) [0x00007FF76E8CE064]
	GetHandleVerifier [0x00007FF76ED04222+2873042]
	GetHandleVerifier [0x00007FF76ED56590+3209792]
	GetHandleVerifier [0x00007FF76ED4F3AF+3180639]
	GetHandleVerifier [0x00007FF76EAE5F25+652245]
	(No symbol) [0x00007FF76E9D8618]
	(No symbol) [0x00007FF76E9D47C4]
	(No symbol) [0x00007FF76E9D48BC]
	(No symbol) [0x00007FF76E9C4C33]
	BaseThreadInitThunk [0x00007FFCB5F67344+20]
	RtlUserThreadStart [0x00007FFCB6AA26B1+33]
 
Host info: host: &apos;LAPTOP-QHMIOBC5&apos;, ip: &apos;192.168.60.66&apos;
Build info: version: &apos;4.11.0&apos;, revision: &apos;040bc5406b&apos;
System info: os.name: &apos;Windows 11&apos;, os.arch: &apos;amd64&apos;, os.version: &apos;10.0&apos;, java.version: &apos;20.0.2&apos;
Driver info: org.openqa.selenium.remote.RemoteWebDriver
Command: [null, newSession {capabilities=[Capabilities {browserName: chrome, platformName: any}]}]
Capabilities {browserName: chrome, platformName: any}
	at org.openqa.selenium.remote.ProtocolHandshake.createSession(ProtocolHandshake.java:140)
	at org.openqa.selenium.remote.ProtocolHandshake.createSession(ProtocolHandshake.java:96)
	at org.openqa.selenium.remote.ProtocolHandshake.createSession(ProtocolHandshake.java:68)
	at org.openqa.selenium.remote.HttpCommandExecutor.execute(HttpCommandExecutor.java:163)
	at org.openqa.selenium.remote.TracedCommandExecutor.execute(TracedCommandExecutor.java:51)
	at org.openqa.selenium.remote.RemoteWebDriver.execute(RemoteWebDriver.java:518)
	at org.openqa.selenium.remote.RemoteWebDriver.startSession(RemoteWebDriver.java:232)
	at org.openqa.selenium.remote.RemoteWebDriver.&lt;init&gt;(RemoteWebDriver.java:159)
	at org.openqa.selenium.remote.RemoteWebDriver.&lt;init&gt;(RemoteWebDriver.java:139)
	at com.GenericUtils.BaseClass_HRM_EPS.bcConfig(BaseClass_HRM_EPS.java:111)
	at java.base/java.util.ArrayList.forEach(ArrayList.java:1511)
	at java.base/java.util.concurrent.FutureTask.run(FutureTask.java:317)
	at java.base/java.util.concurrent.ThreadPoolExecutor.runWorker(ThreadPoolExecutor.java:1144)
	at java.base/java.util.concurrent.ThreadPoolExecutor$Worker.run(ThreadPoolExecutor.java:642)
	at java.base/java.lang.Thread.run(Thread.java:1623)
... Removed 13 stack frames</pre></div><a href='#' onClick='toggleBox("stack-trace123501664", this, "Click to show all stack frames", "Click to hide stack frames")'>Click to show all stack frames</a>
<div class='stack-trace' id='stack-trace123501664'><pre>org.openqa.selenium.SessionNotCreatedException: Could not start a new session. Response code 500. Message: session not created: This version of ChromeDriver only supports Chrome version 115
Current browser version is 120.0.6099.225 with binary path C:\Program Files (x86)\Google\Chrome\Application\chrome.exe
Build info: version: &apos;3.141.59&apos;, revision: &apos;e82be7d358&apos;, time: &apos;2018-11-14T08:25:53&apos;
System info: host: &apos;QASUDEEP&apos;, ip: &apos;192.168.60.8&apos;, os.name: &apos;Windows 10&apos;, os.arch: &apos;amd64&apos;, os.version: &apos;10.0&apos;, java.version: &apos;17.0.9&apos;
Driver info: driver.version: unknown
remote stacktrace: Backtrace:
	GetHandleVerifier [0x00007FF76EA54A62+57106]
	(No symbol) [0x00007FF76E9CCF52]
	(No symbol) [0x00007FF76E89E2CB]
	(No symbol) [0x00007FF76E8C9FDB]
	(No symbol) [0x00007FF76E8C4F8D]
	(No symbol) [0x00007FF76E8C30AA]
	(No symbol) [0x00007FF76E8FE3F7]
	(No symbol) [0x00007FF76E8FDF60]
	(No symbol) [0x00007FF76E8F6793]
	(No symbol) [0x00007FF76E8CCE81]
	(No symbol) [0x00007FF76E8CE064]
	GetHandleVerifier [0x00007FF76ED04222+2873042]
	GetHandleVerifier [0x00007FF76ED56590+3209792]
	GetHandleVerifier [0x00007FF76ED4F3AF+3180639]
	GetHandleVerifier [0x00007FF76EAE5F25+652245]
	(No symbol) [0x00007FF76E9D8618]
	(No symbol) [0x00007FF76E9D47C4]
	(No symbol) [0x00007FF76E9D48BC]
	(No symbol) [0x00007FF76E9C4C33]
	BaseThreadInitThunk [0x00007FFCB5F67344+20]
	RtlUserThreadStart [0x00007FFCB6AA26B1+33]
 
Host info: host: &apos;LAPTOP-QHMIOBC5&apos;, ip: &apos;192.168.60.66&apos;
Build info: version: &apos;4.11.0&apos;, revision: &apos;040bc5406b&apos;
System info: os.name: &apos;Windows 11&apos;, os.arch: &apos;amd64&apos;, os.version: &apos;10.0&apos;, java.version: &apos;20.0.2&apos;
Driver info: org.openqa.selenium.remote.RemoteWebDriver
Command: [null, newSession {capabilities=[Capabilities {browserName: chrome, platformName: any}]}]
Capabilities {browserName: chrome, platformName: any}
	at org.openqa.selenium.remote.ProtocolHandshake.createSession(ProtocolHandshake.java:140)
	at org.openqa.selenium.remote.ProtocolHandshake.createSession(ProtocolHandshake.java:96)
	at org.openqa.selenium.remote.ProtocolHandshake.createSession(ProtocolHandshake.java:68)
	at org.openqa.selenium.remote.HttpCommandExecutor.execute(HttpCommandExecutor.java:163)
	at org.openqa.selenium.remote.TracedCommandExecutor.execute(TracedCommandExecutor.java:51)
	at org.openqa.selenium.remote.RemoteWebDriver.execute(RemoteWebDriver.java:518)
	at org.openqa.selenium.remote.RemoteWebDriver.startSession(RemoteWebDriver.java:232)
	at org.openqa.selenium.remote.RemoteWebDriver.&lt;init&gt;(RemoteWebDriver.java:159)
	at org.openqa.selenium.remote.RemoteWebDriver.&lt;init&gt;(RemoteWebDriver.java:139)
	at com.GenericUtils.BaseClass_HRM_EPS.bcConfig(BaseClass_HRM_EPS.java:111)
	at java.base/jdk.internal.reflect.DirectMethodHandleAccessor.invoke(DirectMethodHandleAccessor.java:104)
	at java.base/java.lang.reflect.Method.invoke(Method.java:578)
	at org.testng.internal.invokers.MethodInvocationHelper.invokeMethod(MethodInvocationHelper.java:139)
	at org.testng.internal.invokers.MethodInvocationHelper.invokeMethodConsideringTimeout(MethodInvocationHelper.java:69)
	at org.testng.internal.invokers.ConfigInvoker.invokeConfigurationMethod(ConfigInvoker.java:361)
	at org.testng.internal.invokers.ConfigInvoker.invokeConfigurations(ConfigInvoker.java:296)
	at org.testng.internal.invokers.TestMethodWorker.invokeBeforeClassMethods(TestMethodWorker.java:180)
	at org.testng.internal.invokers.TestMethodWorker.run(TestMethodWorker.java:122)
	at java.base/java.util.ArrayList.forEach(ArrayList.java:1511)
	at org.testng.TestRunner.privateRun(TestRunner.java:829)
	at org.testng.TestRunner.run(TestRunner.java:602)
	at org.testng.SuiteRunner.runTest(SuiteRunner.java:437)
	at org.testng.SuiteRunner$SuiteWorker.run(SuiteRunner.java:475)
	at org.testng.internal.thread.ThreadUtil.lambda$execute$0(ThreadUtil.java:58)
	at java.base/java.util.concurrent.FutureTask.run(FutureTask.java:317)
	at java.base/java.util.concurrent.ThreadPoolExecutor.runWorker(ThreadPoolExecutor.java:1144)
	at java.base/java.util.concurrent.ThreadPoolExecutor$Worker.run(ThreadPoolExecutor.java:642)
	at java.base/java.lang.Thread.run(Thread.java:1623)
</pre></div></td>
<td>0</td>
<td>hrm_EPS_ParallelTests.Class2Test@4a003cbe</td></tr>
</table><p>
</body>
</html>