<!DOCTYPE html PUBLIC "-//W3C//DTD XHTML 1.1//EN" "https://www.w3.org/TR/xhtml11/DTD/xhtml11.dtd">
<html xmlns="https://www.w3.org/1999/xhtml">
<head>
<meta http-equiv="content-type" content="text/html; charset=UTF-8"/>
<title>TestNG Report</title>
<style type="text/css">table {margin-bottom:10px;border-collapse:collapse;empty-cells:show}th,td {border:1px solid #009;padding:.25em .5em}th {vertical-align:bottom}td {vertical-align:top}table a {font-weight:bold}.stripe td {background-color: #E6EBF9}.num {text-align:right}.passedodd td {background-color: #3F3}.passedeven td {background-color: #0A0}.skippedodd td {background-color: #DDD}.skippedeven td {background-color: #CCC}.failedodd td,.attn {background-color: #F33}.failedeven td,.stripe .attn {background-color: #D00}.stacktrace {white-space:pre;font-family:monospace}.totop {font-size:85%;text-align:center;border-bottom:2px solid #000}.invisible {display:none}</style>
</head>
<body>
<table>
<tr><th>Test</th><th># Passed</th><th># Skipped</th><th># Retried</th><th># Failed</th><th>Time (ms)</th><th>Included Groups</th><th>Excluded Groups</th></tr>
<tr><th colspan="8">Suite</th></tr>
<tr><td><a href="#t0">Test2</a></td><td class="num">0</td><td class="num attn">4</td><td class="num">0</td><td class="num">0</td><td class="num">2,240</td><td></td><td></td></tr>
<tr class="stripe"><td><a href="#t1">Test1</a></td><td class="num">4</td><td class="num">0</td><td class="num">0</td><td class="num">0</td><td class="num">157,049</td><td></td><td></td></tr>
<tr><th>Total</th><th class="num">4</th><th class="num attn">4</th><th class="num">0</th><th class="num">0</th><th class="num">159,289</th><th colspan="2"></th></tr>
</table>
<table id='summary'><thead><tr><th>Class</th><th>Method</th><th>Start</th><th>Time (ms)</th></tr></thead><tbody><tr><th colspan="4">Suite</th></tr></tbody><tbody id="t0"><tr><th colspan="4">Test2 &#8212; failed (configuration methods)</th></tr><tr class="failedeven"><td rowspan="1">hrm_EPS_ParallelTests.Class2Test</td><td><a href="#m0">bcConfig</a></td><td rowspan="1">1705821893502</td><td rowspan="1">2162</td></tr><tr><th colspan="4">Test2 &#8212; skipped (configuration methods)</th></tr><tr class="skippedeven"><td rowspan="9">hrm_EPS_ParallelTests.Class2Test</td><td><a href="#m1">acConfig</a></td><td rowspan="1">1705821895710</td><td rowspan="1">0</td></tr><tr class="skippedeven"><td><a href="#m2">amConfig</a></td><td rowspan="4">1705821895709</td><td rowspan="4">0</td></tr><tr class="skippedeven"><td><a href="#m3">amConfig</a></td></tr><tr class="skippedeven"><td><a href="#m4">amConfig</a></td></tr><tr class="skippedeven"><td><a href="#m5">amConfig</a></td></tr><tr class="skippedeven"><td><a href="#m6">bmConfig</a></td><td rowspan="4">1705821895707</td><td rowspan="4">0</td></tr><tr class="skippedeven"><td><a href="#m7">bmConfig</a></td></tr><tr class="skippedeven"><td><a href="#m8">bmConfig</a></td></tr><tr class="skippedeven"><td><a href="#m9">bmConfig</a></td></tr><tr><th colspan="4">Test2 &#8212; skipped</th></tr><tr class="skippedeven"><td rowspan="4">hrm_EPS_ParallelTests.Class2Test</td><td><a href="#m10">clickOnAdmin</a></td><td rowspan="1">1705821895688</td><td rowspan="1">0</td></tr><tr class="skippedeven"><td><a href="#m11">clickOnLeave</a></td><td rowspan="1">1705821895695</td><td rowspan="1">0</td></tr><tr class="skippedeven"><td><a href="#m12">clickOnTime</a></td><td rowspan="1">1705821895703</td><td rowspan="1">0</td></tr><tr class="skippedeven"><td><a href="#m13">pim</a></td><td rowspan="1">1705821895707</td><td rowspan="1">0</td></tr></tbody>
<tbody id="t1"><tr><th colspan="4">Test1 &#8212; passed</th></tr><tr class="passedeven"><td rowspan="4">hrm_EPS_ParallelTests.Class1Test</td><td><a href="#m14">clickOnAdmin</a></td><td rowspan="1">1705822024233</td><td rowspan="1">5156</td></tr><tr class="passedeven"><td><a href="#m15">clickOnLeave</a></td><td rowspan="1">1705822035154</td><td rowspan="1">3987</td></tr><tr class="passedeven"><td><a href="#m16">clickOnTime</a></td><td rowspan="1">1705822043017</td><td rowspan="1">1523</td></tr><tr class="passedeven"><td><a href="#m17">pim</a></td><td rowspan="1">1705822046211</td><td rowspan="1">2834</td></tr></tbody>
</table>
<h2>Test2</h2><h3 id="m0">hrm_EPS_ParallelTests.Class2Test#bcConfig</h3><table class="result"><tr class="param"><th>Parameter #1</th></tr><tr class="param stripe"><td>chrome</td></tr><tr><th>Exception</th></tr><tr><td><div class="stacktrace">org.openqa.selenium.SessionNotCreatedException: Could not start a new session. Response code 500. Message: session not created: This version of ChromeDriver only supports Chrome version 115
Current browser version is 120.0.6099.225 with binary path C:\Program Files (x86)\Google\Chrome\Application\chrome.exe
Build info: version: &apos;3.141.59&apos;, revision: &apos;e82be7d358&apos;, time: &apos;2018-11-14T08:25:53&apos;
System info: host: &apos;QASUDEEP&apos;, ip: &apos;192.168.60.8&apos;, os.name: &apos;Windows 10&apos;, os.arch: &apos;amd64&apos;, os.version: &apos;10.0&apos;, java.version: &apos;17.0.9&apos;
Driver info: driver.version: unknown
remote stacktrace: Backtrace:
	GetHandleVerifier [0x00007FF76EA54A62+57106]
	(No symbol) [0x00007FF76E9CCF52]
	(No symbol) [0x00007FF76E89E2CB]
	(No symbol) [0x00007FF76E8C9FDB]
	(No symbol) [0x00007FF76E8C4F8D]
	(No symbol) [0x00007FF76E8C30AA]
	(No symbol) [0x00007FF76E8FE3F7]
	(No symbol) [0x00007FF76E8FDF60]
	(No symbol) [0x00007FF76E8F6793]
	(No symbol) [0x00007FF76E8CCE81]
	(No symbol) [0x00007FF76E8CE064]
	GetHandleVerifier [0x00007FF76ED04222+2873042]
	GetHandleVerifier [0x00007FF76ED56590+3209792]
	GetHandleVerifier [0x00007FF76ED4F3AF+3180639]
	GetHandleVerifier [0x00007FF76EAE5F25+652245]
	(No symbol) [0x00007FF76E9D8618]
	(No symbol) [0x00007FF76E9D47C4]
	(No symbol) [0x00007FF76E9D48BC]
	(No symbol) [0x00007FF76E9C4C33]
	BaseThreadInitThunk [0x00007FFCB5F67344+20]
	RtlUserThreadStart [0x00007FFCB6AA26B1+33]
 
Host info: host: &apos;LAPTOP-QHMIOBC5&apos;, ip: &apos;192.168.60.66&apos;
Build info: version: &apos;4.11.0&apos;, revision: &apos;040bc5406b&apos;
System info: os.name: &apos;Windows 11&apos;, os.arch: &apos;amd64&apos;, os.version: &apos;10.0&apos;, java.version: &apos;20.0.2&apos;
Driver info: org.openqa.selenium.remote.RemoteWebDriver
Command: [null, newSession {capabilities=[Capabilities {browserName: chrome, platformName: any}]}]
Capabilities {browserName: chrome, platformName: any}
	at org.openqa.selenium.remote.ProtocolHandshake.createSession(ProtocolHandshake.java:140)
	at org.openqa.selenium.remote.ProtocolHandshake.createSession(ProtocolHandshake.java:96)
	at org.openqa.selenium.remote.ProtocolHandshake.createSession(ProtocolHandshake.java:68)
	at org.openqa.selenium.remote.HttpCommandExecutor.execute(HttpCommandExecutor.java:163)
	at org.openqa.selenium.remote.TracedCommandExecutor.execute(TracedCommandExecutor.java:51)
	at org.openqa.selenium.remote.RemoteWebDriver.execute(RemoteWebDriver.java:518)
	at org.openqa.selenium.remote.RemoteWebDriver.startSession(RemoteWebDriver.java:232)
	at org.openqa.selenium.remote.RemoteWebDriver.&lt;init&gt;(RemoteWebDriver.java:159)
	at org.openqa.selenium.remote.RemoteWebDriver.&lt;init&gt;(RemoteWebDriver.java:139)
	at com.GenericUtils.BaseClass_HRM_EPS.bcConfig(BaseClass_HRM_EPS.java:111)
	at java.base/java.util.ArrayList.forEach(ArrayList.java:1511)
	at java.base/java.util.concurrent.FutureTask.run(FutureTask.java:317)
	at java.base/java.util.concurrent.ThreadPoolExecutor.runWorker(ThreadPoolExecutor.java:1144)
	at java.base/java.util.concurrent.ThreadPoolExecutor$Worker.run(ThreadPoolExecutor.java:642)
	at java.base/java.lang.Thread.run(Thread.java:1623)
... Removed 13 stack frames</div></td></tr></table><p class="totop"><a href="#summary">back to summary</a></p>
<h3 id="m1">hrm_EPS_ParallelTests.Class2Test#acConfig</h3><table class="result"><tr><th class="invisible"/></tr></table><p class="totop"><a href="#summary">back to summary</a></p>
<h3 id="m2">hrm_EPS_ParallelTests.Class2Test#amConfig</h3><table class="result"><tr><th class="invisible"/></tr></table><p class="totop"><a href="#summary">back to summary</a></p>
<h3 id="m3">hrm_EPS_ParallelTests.Class2Test#amConfig</h3><table class="result"><tr><th class="invisible"/></tr></table><p class="totop"><a href="#summary">back to summary</a></p>
<h3 id="m4">hrm_EPS_ParallelTests.Class2Test#amConfig</h3><table class="result"><tr><th class="invisible"/></tr></table><p class="totop"><a href="#summary">back to summary</a></p>
<h3 id="m5">hrm_EPS_ParallelTests.Class2Test#amConfig</h3><table class="result"><tr><th class="invisible"/></tr></table><p class="totop"><a href="#summary">back to summary</a></p>
<h3 id="m6">hrm_EPS_ParallelTests.Class2Test#bmConfig</h3><table class="result"><tr><th class="invisible"/></tr></table><p class="totop"><a href="#summary">back to summary</a></p>
<h3 id="m7">hrm_EPS_ParallelTests.Class2Test#bmConfig</h3><table class="result"><tr><th class="invisible"/></tr></table><p class="totop"><a href="#summary">back to summary</a></p>
<h3 id="m8">hrm_EPS_ParallelTests.Class2Test#bmConfig</h3><table class="result"><tr><th class="invisible"/></tr></table><p class="totop"><a href="#summary">back to summary</a></p>
<h3 id="m9">hrm_EPS_ParallelTests.Class2Test#bmConfig</h3><table class="result"><tr><th class="invisible"/></tr></table><p class="totop"><a href="#summary">back to summary</a></p>
<h3 id="m10">hrm_EPS_ParallelTests.Class2Test#clickOnAdmin</h3><table class="result"><tr><th>Exception</th></tr><tr><td><div class="stacktrace">org.openqa.selenium.SessionNotCreatedException: Could not start a new session. Response code 500. Message: session not created: This version of ChromeDriver only supports Chrome version 115
Current browser version is 120.0.6099.225 with binary path C:\Program Files (x86)\Google\Chrome\Application\chrome.exe
Build info: version: &apos;3.141.59&apos;, revision: &apos;e82be7d358&apos;, time: &apos;2018-11-14T08:25:53&apos;
System info: host: &apos;QASUDEEP&apos;, ip: &apos;192.168.60.8&apos;, os.name: &apos;Windows 10&apos;, os.arch: &apos;amd64&apos;, os.version: &apos;10.0&apos;, java.version: &apos;17.0.9&apos;
Driver info: driver.version: unknown
remote stacktrace: Backtrace:
	GetHandleVerifier [0x00007FF76EA54A62+57106]
	(No symbol) [0x00007FF76E9CCF52]
	(No symbol) [0x00007FF76E89E2CB]
	(No symbol) [0x00007FF76E8C9FDB]
	(No symbol) [0x00007FF76E8C4F8D]
	(No symbol) [0x00007FF76E8C30AA]
	(No symbol) [0x00007FF76E8FE3F7]
	(No symbol) [0x00007FF76E8FDF60]
	(No symbol) [0x00007FF76E8F6793]
	(No symbol) [0x00007FF76E8CCE81]
	(No symbol) [0x00007FF76E8CE064]
	GetHandleVerifier [0x00007FF76ED04222+2873042]
	GetHandleVerifier [0x00007FF76ED56590+3209792]
	GetHandleVerifier [0x00007FF76ED4F3AF+3180639]
	GetHandleVerifier [0x00007FF76EAE5F25+652245]
	(No symbol) [0x00007FF76E9D8618]
	(No symbol) [0x00007FF76E9D47C4]
	(No symbol) [0x00007FF76E9D48BC]
	(No symbol) [0x00007FF76E9C4C33]
	BaseThreadInitThunk [0x00007FFCB5F67344+20]
	RtlUserThreadStart [0x00007FFCB6AA26B1+33]
 
Host info: host: &apos;LAPTOP-QHMIOBC5&apos;, ip: &apos;192.168.60.66&apos;
Build info: version: &apos;4.11.0&apos;, revision: &apos;040bc5406b&apos;
System info: os.name: &apos;Windows 11&apos;, os.arch: &apos;amd64&apos;, os.version: &apos;10.0&apos;, java.version: &apos;20.0.2&apos;
Driver info: org.openqa.selenium.remote.RemoteWebDriver
Command: [null, newSession {capabilities=[Capabilities {browserName: chrome, platformName: any}]}]
Capabilities {browserName: chrome, platformName: any}
	at org.openqa.selenium.remote.ProtocolHandshake.createSession(ProtocolHandshake.java:140)
	at org.openqa.selenium.remote.ProtocolHandshake.createSession(ProtocolHandshake.java:96)
	at org.openqa.selenium.remote.ProtocolHandshake.createSession(ProtocolHandshake.java:68)
	at org.openqa.selenium.remote.HttpCommandExecutor.execute(HttpCommandExecutor.java:163)
	at org.openqa.selenium.remote.TracedCommandExecutor.execute(TracedCommandExecutor.java:51)
	at org.openqa.selenium.remote.RemoteWebDriver.execute(RemoteWebDriver.java:518)
	at org.openqa.selenium.remote.RemoteWebDriver.startSession(RemoteWebDriver.java:232)
	at org.openqa.selenium.remote.RemoteWebDriver.&lt;init&gt;(RemoteWebDriver.java:159)
	at org.openqa.selenium.remote.RemoteWebDriver.&lt;init&gt;(RemoteWebDriver.java:139)
	at com.GenericUtils.BaseClass_HRM_EPS.bcConfig(BaseClass_HRM_EPS.java:111)
	at java.base/java.util.ArrayList.forEach(ArrayList.java:1511)
	at java.base/java.util.concurrent.FutureTask.run(FutureTask.java:317)
	at java.base/java.util.concurrent.ThreadPoolExecutor.runWorker(ThreadPoolExecutor.java:1144)
	at java.base/java.util.concurrent.ThreadPoolExecutor$Worker.run(ThreadPoolExecutor.java:642)
	at java.base/java.lang.Thread.run(Thread.java:1623)
... Removed 13 stack frames</div></td></tr></table><p class="totop"><a href="#summary">back to summary</a></p>
<h3 id="m11">hrm_EPS_ParallelTests.Class2Test#clickOnLeave</h3><table class="result"><tr><th>Exception</th></tr><tr><td><div class="stacktrace">org.openqa.selenium.SessionNotCreatedException: Could not start a new session. Response code 500. Message: session not created: This version of ChromeDriver only supports Chrome version 115
Current browser version is 120.0.6099.225 with binary path C:\Program Files (x86)\Google\Chrome\Application\chrome.exe
Build info: version: &apos;3.141.59&apos;, revision: &apos;e82be7d358&apos;, time: &apos;2018-11-14T08:25:53&apos;
System info: host: &apos;QASUDEEP&apos;, ip: &apos;192.168.60.8&apos;, os.name: &apos;Windows 10&apos;, os.arch: &apos;amd64&apos;, os.version: &apos;10.0&apos;, java.version: &apos;17.0.9&apos;
Driver info: driver.version: unknown
remote stacktrace: Backtrace:
	GetHandleVerifier [0x00007FF76EA54A62+57106]
	(No symbol) [0x00007FF76E9CCF52]
	(No symbol) [0x00007FF76E89E2CB]
	(No symbol) [0x00007FF76E8C9FDB]
	(No symbol) [0x00007FF76E8C4F8D]
	(No symbol) [0x00007FF76E8C30AA]
	(No symbol) [0x00007FF76E8FE3F7]
	(No symbol) [0x00007FF76E8FDF60]
	(No symbol) [0x00007FF76E8F6793]
	(No symbol) [0x00007FF76E8CCE81]
	(No symbol) [0x00007FF76E8CE064]
	GetHandleVerifier [0x00007FF76ED04222+2873042]
	GetHandleVerifier [0x00007FF76ED56590+3209792]
	GetHandleVerifier [0x00007FF76ED4F3AF+3180639]
	GetHandleVerifier [0x00007FF76EAE5F25+652245]
	(No symbol) [0x00007FF76E9D8618]
	(No symbol) [0x00007FF76E9D47C4]
	(No symbol) [0x00007FF76E9D48BC]
	(No symbol) [0x00007FF76E9C4C33]
	BaseThreadInitThunk [0x00007FFCB5F67344+20]
	RtlUserThreadStart [0x00007FFCB6AA26B1+33]
 
Host info: host: &apos;LAPTOP-QHMIOBC5&apos;, ip: &apos;192.168.60.66&apos;
Build info: version: &apos;4.11.0&apos;, revision: &apos;040bc5406b&apos;
System info: os.name: &apos;Windows 11&apos;, os.arch: &apos;amd64&apos;, os.version: &apos;10.0&apos;, java.version: &apos;20.0.2&apos;
Driver info: org.openqa.selenium.remote.RemoteWebDriver
Command: [null, newSession {capabilities=[Capabilities {browserName: chrome, platformName: any}]}]
Capabilities {browserName: chrome, platformName: any}
	at org.openqa.selenium.remote.ProtocolHandshake.createSession(ProtocolHandshake.java:140)
	at org.openqa.selenium.remote.ProtocolHandshake.createSession(ProtocolHandshake.java:96)
	at org.openqa.selenium.remote.ProtocolHandshake.createSession(ProtocolHandshake.java:68)
	at org.openqa.selenium.remote.HttpCommandExecutor.execute(HttpCommandExecutor.java:163)
	at org.openqa.selenium.remote.TracedCommandExecutor.execute(TracedCommandExecutor.java:51)
	at org.openqa.selenium.remote.RemoteWebDriver.execute(RemoteWebDriver.java:518)
	at org.openqa.selenium.remote.RemoteWebDriver.startSession(RemoteWebDriver.java:232)
	at org.openqa.selenium.remote.RemoteWebDriver.&lt;init&gt;(RemoteWebDriver.java:159)
	at org.openqa.selenium.remote.RemoteWebDriver.&lt;init&gt;(RemoteWebDriver.java:139)
	at com.GenericUtils.BaseClass_HRM_EPS.bcConfig(BaseClass_HRM_EPS.java:111)
	at java.base/java.util.ArrayList.forEach(ArrayList.java:1511)
	at java.base/java.util.concurrent.FutureTask.run(FutureTask.java:317)
	at java.base/java.util.concurrent.ThreadPoolExecutor.runWorker(ThreadPoolExecutor.java:1144)
	at java.base/java.util.concurrent.ThreadPoolExecutor$Worker.run(ThreadPoolExecutor.java:642)
	at java.base/java.lang.Thread.run(Thread.java:1623)
... Removed 13 stack frames</div></td></tr></table><p class="totop"><a href="#summary">back to summary</a></p>
<h3 id="m12">hrm_EPS_ParallelTests.Class2Test#clickOnTime</h3><table class="result"><tr><th>Exception</th></tr><tr><td><div class="stacktrace">org.openqa.selenium.SessionNotCreatedException: Could not start a new session. Response code 500. Message: session not created: This version of ChromeDriver only supports Chrome version 115
Current browser version is 120.0.6099.225 with binary path C:\Program Files (x86)\Google\Chrome\Application\chrome.exe
Build info: version: &apos;3.141.59&apos;, revision: &apos;e82be7d358&apos;, time: &apos;2018-11-14T08:25:53&apos;
System info: host: &apos;QASUDEEP&apos;, ip: &apos;192.168.60.8&apos;, os.name: &apos;Windows 10&apos;, os.arch: &apos;amd64&apos;, os.version: &apos;10.0&apos;, java.version: &apos;17.0.9&apos;
Driver info: driver.version: unknown
remote stacktrace: Backtrace:
	GetHandleVerifier [0x00007FF76EA54A62+57106]
	(No symbol) [0x00007FF76E9CCF52]
	(No symbol) [0x00007FF76E89E2CB]
	(No symbol) [0x00007FF76E8C9FDB]
	(No symbol) [0x00007FF76E8C4F8D]
	(No symbol) [0x00007FF76E8C30AA]
	(No symbol) [0x00007FF76E8FE3F7]
	(No symbol) [0x00007FF76E8FDF60]
	(No symbol) [0x00007FF76E8F6793]
	(No symbol) [0x00007FF76E8CCE81]
	(No symbol) [0x00007FF76E8CE064]
	GetHandleVerifier [0x00007FF76ED04222+2873042]
	GetHandleVerifier [0x00007FF76ED56590+3209792]
	GetHandleVerifier [0x00007FF76ED4F3AF+3180639]
	GetHandleVerifier [0x00007FF76EAE5F25+652245]
	(No symbol) [0x00007FF76E9D8618]
	(No symbol) [0x00007FF76E9D47C4]
	(No symbol) [0x00007FF76E9D48BC]
	(No symbol) [0x00007FF76E9C4C33]
	BaseThreadInitThunk [0x00007FFCB5F67344+20]
	RtlUserThreadStart [0x00007FFCB6AA26B1+33]
 
Host info: host: &apos;LAPTOP-QHMIOBC5&apos;, ip: &apos;192.168.60.66&apos;
Build info: version: &apos;4.11.0&apos;, revision: &apos;040bc5406b&apos;
System info: os.name: &apos;Windows 11&apos;, os.arch: &apos;amd64&apos;, os.version: &apos;10.0&apos;, java.version: &apos;20.0.2&apos;
Driver info: org.openqa.selenium.remote.RemoteWebDriver
Command: [null, newSession {capabilities=[Capabilities {browserName: chrome, platformName: any}]}]
Capabilities {browserName: chrome, platformName: any}
	at org.openqa.selenium.remote.ProtocolHandshake.createSession(ProtocolHandshake.java:140)
	at org.openqa.selenium.remote.ProtocolHandshake.createSession(ProtocolHandshake.java:96)
	at org.openqa.selenium.remote.ProtocolHandshake.createSession(ProtocolHandshake.java:68)
	at org.openqa.selenium.remote.HttpCommandExecutor.execute(HttpCommandExecutor.java:163)
	at org.openqa.selenium.remote.TracedCommandExecutor.execute(TracedCommandExecutor.java:51)
	at org.openqa.selenium.remote.RemoteWebDriver.execute(RemoteWebDriver.java:518)
	at org.openqa.selenium.remote.RemoteWebDriver.startSession(RemoteWebDriver.java:232)
	at org.openqa.selenium.remote.RemoteWebDriver.&lt;init&gt;(RemoteWebDriver.java:159)
	at org.openqa.selenium.remote.RemoteWebDriver.&lt;init&gt;(RemoteWebDriver.java:139)
	at com.GenericUtils.BaseClass_HRM_EPS.bcConfig(BaseClass_HRM_EPS.java:111)
	at java.base/java.util.ArrayList.forEach(ArrayList.java:1511)
	at java.base/java.util.concurrent.FutureTask.run(FutureTask.java:317)
	at java.base/java.util.concurrent.ThreadPoolExecutor.runWorker(ThreadPoolExecutor.java:1144)
	at java.base/java.util.concurrent.ThreadPoolExecutor$Worker.run(ThreadPoolExecutor.java:642)
	at java.base/java.lang.Thread.run(Thread.java:1623)
... Removed 13 stack frames</div></td></tr></table><p class="totop"><a href="#summary">back to summary</a></p>
<h3 id="m13">hrm_EPS_ParallelTests.Class2Test#pim</h3><table class="result"><tr><th>Exception</th></tr><tr><td><div class="stacktrace">org.openqa.selenium.SessionNotCreatedException: Could not start a new session. Response code 500. Message: session not created: This version of ChromeDriver only supports Chrome version 115
Current browser version is 120.0.6099.225 with binary path C:\Program Files (x86)\Google\Chrome\Application\chrome.exe
Build info: version: &apos;3.141.59&apos;, revision: &apos;e82be7d358&apos;, time: &apos;2018-11-14T08:25:53&apos;
System info: host: &apos;QASUDEEP&apos;, ip: &apos;192.168.60.8&apos;, os.name: &apos;Windows 10&apos;, os.arch: &apos;amd64&apos;, os.version: &apos;10.0&apos;, java.version: &apos;17.0.9&apos;
Driver info: driver.version: unknown
remote stacktrace: Backtrace:
	GetHandleVerifier [0x00007FF76EA54A62+57106]
	(No symbol) [0x00007FF76E9CCF52]
	(No symbol) [0x00007FF76E89E2CB]
	(No symbol) [0x00007FF76E8C9FDB]
	(No symbol) [0x00007FF76E8C4F8D]
	(No symbol) [0x00007FF76E8C30AA]
	(No symbol) [0x00007FF76E8FE3F7]
	(No symbol) [0x00007FF76E8FDF60]
	(No symbol) [0x00007FF76E8F6793]
	(No symbol) [0x00007FF76E8CCE81]
	(No symbol) [0x00007FF76E8CE064]
	GetHandleVerifier [0x00007FF76ED04222+2873042]
	GetHandleVerifier [0x00007FF76ED56590+3209792]
	GetHandleVerifier [0x00007FF76ED4F3AF+3180639]
	GetHandleVerifier [0x00007FF76EAE5F25+652245]
	(No symbol) [0x00007FF76E9D8618]
	(No symbol) [0x00007FF76E9D47C4]
	(No symbol) [0x00007FF76E9D48BC]
	(No symbol) [0x00007FF76E9C4C33]
	BaseThreadInitThunk [0x00007FFCB5F67344+20]
	RtlUserThreadStart [0x00007FFCB6AA26B1+33]
 
Host info: host: &apos;LAPTOP-QHMIOBC5&apos;, ip: &apos;192.168.60.66&apos;
Build info: version: &apos;4.11.0&apos;, revision: &apos;040bc5406b&apos;
System info: os.name: &apos;Windows 11&apos;, os.arch: &apos;amd64&apos;, os.version: &apos;10.0&apos;, java.version: &apos;20.0.2&apos;
Driver info: org.openqa.selenium.remote.RemoteWebDriver
Command: [null, newSession {capabilities=[Capabilities {browserName: chrome, platformName: any}]}]
Capabilities {browserName: chrome, platformName: any}
	at org.openqa.selenium.remote.ProtocolHandshake.createSession(ProtocolHandshake.java:140)
	at org.openqa.selenium.remote.ProtocolHandshake.createSession(ProtocolHandshake.java:96)
	at org.openqa.selenium.remote.ProtocolHandshake.createSession(ProtocolHandshake.java:68)
	at org.openqa.selenium.remote.HttpCommandExecutor.execute(HttpCommandExecutor.java:163)
	at org.openqa.selenium.remote.TracedCommandExecutor.execute(TracedCommandExecutor.java:51)
	at org.openqa.selenium.remote.RemoteWebDriver.execute(RemoteWebDriver.java:518)
	at org.openqa.selenium.remote.RemoteWebDriver.startSession(RemoteWebDriver.java:232)
	at org.openqa.selenium.remote.RemoteWebDriver.&lt;init&gt;(RemoteWebDriver.java:159)
	at org.openqa.selenium.remote.RemoteWebDriver.&lt;init&gt;(RemoteWebDriver.java:139)
	at com.GenericUtils.BaseClass_HRM_EPS.bcConfig(BaseClass_HRM_EPS.java:111)
	at java.base/java.util.ArrayList.forEach(ArrayList.java:1511)
	at java.base/java.util.concurrent.FutureTask.run(FutureTask.java:317)
	at java.base/java.util.concurrent.ThreadPoolExecutor.runWorker(ThreadPoolExecutor.java:1144)
	at java.base/java.util.concurrent.ThreadPoolExecutor$Worker.run(ThreadPoolExecutor.java:642)
	at java.base/java.lang.Thread.run(Thread.java:1623)
... Removed 13 stack frames</div></td></tr></table><p class="totop"><a href="#summary">back to summary</a></p>
<h2>Test1</h2><h3 id="m14">hrm_EPS_ParallelTests.Class1Test#clickOnAdmin</h3><table class="result"><tr><th class="invisible"/></tr></table><p class="totop"><a href="#summary">back to summary</a></p>
<h3 id="m15">hrm_EPS_ParallelTests.Class1Test#clickOnLeave</h3><table class="result"><tr><th class="invisible"/></tr></table><p class="totop"><a href="#summary">back to summary</a></p>
<h3 id="m16">hrm_EPS_ParallelTests.Class1Test#clickOnTime</h3><table class="result"><tr><th class="invisible"/></tr></table><p class="totop"><a href="#summary">back to summary</a></p>
<h3 id="m17">hrm_EPS_ParallelTests.Class1Test#pim</h3><table class="result"><tr><th class="invisible"/></tr></table><p class="totop"><a href="#summary">back to summary</a></p>
</body>
</html>
