<!DOCTYPE html>

<html>
  <head>
  <meta charset='utf-8'>
  <title>TestNG reports</title>

    <link type="text/css" href="testng-reports1.css" rel="stylesheet" id="ultra" />
    <link type="text/css" href="testng-reports.css" rel="stylesheet" id="retro" disabled="false"/>
    <script type="text/javascript" src="jquery-3.6.0.min.js"></script>
    <script type="text/javascript" src="testng-reports.js"></script>
    <script type="text/javascript" src="https://www.google.com/jsapi"></script>
    <script type='text/javascript'>
      google.load('visualization', '1', {packages:['table']});
      google.setOnLoadCallback(drawTable);
      var suiteTableInitFunctions = new Array();
      var suiteTableData = new Array();
    </script>
    <!--
      <script type="text/javascript" src="jquery-ui/js/jquery-ui-1.8.16.custom.min.js"></script>
     -->
  </head>

  <body>    <div class="top-banner-root">
      <span class="top-banner-title-font">Test results</span>
      <button id="button" class="button">Switch Retro Theme</button> <!-- button -->
      <br/>
      <span class="top-banner-font-1">1 suite</span>
    </div> <!-- top-banner-root -->
    <div class="navigator-root">
      <div class="navigator-suite-header">
        <span>All suites</span>
        <a href="#" title="Collapse/expand all the suites" class="collapse-all-link">
          <img src="collapseall.gif" class="collapse-all-icon">
          </img> <!-- collapse-all-icon -->
        </a> <!-- collapse-all-link -->
      </div> <!-- navigator-suite-header -->
      <div class="suite">
        <div class="rounded-window">
          <div class="suite-header light-rounded-window-top">
            <a href="#" panel-name="suite-Suite" class="navigator-link">
              <span class="suite-name border-skipped">Suite</span>
            </a> <!-- navigator-link -->
          </div> <!-- suite-header light-rounded-window-top -->
          <div class="navigator-suite-content">
            <div class="suite-section-title">
              <span>Info</span>
            </div> <!-- suite-section-title -->
            <div class="suite-section-content">
              <ul>
                <li>
                  <a href="#" panel-name="test-xml-Suite" class="navigator-link ">
                    <span>C:\Users\PRASANTH\eclipse-workspace\com.SeleniumGridPractice\EPStestCasesInParallel.xml</span>
                  </a> <!-- navigator-link  -->
                </li>
                <li>
                  <a href="#" panel-name="testlist-Suite" class="navigator-link ">
                    <span class="test-stats">2 tests</span>
                  </a> <!-- navigator-link  -->
                </li>
                <li>
                  <a href="#" panel-name="group-Suite" class="navigator-link ">
                    <span>0 groups</span>
                  </a> <!-- navigator-link  -->
                </li>
                <li>
                  <a href="#" panel-name="times-Suite" class="navigator-link ">
                    <span>Times</span>
                  </a> <!-- navigator-link  -->
                </li>
                <li>
                  <a href="#" panel-name="reporter-Suite" class="navigator-link ">
                    <span>Reporter output</span>
                  </a> <!-- navigator-link  -->
                </li>
                <li>
                  <a href="#" panel-name="ignored-methods-Suite" class="navigator-link ">
                    <span>Ignored methods</span>
                  </a> <!-- navigator-link  -->
                </li>
                <li>
                  <a href="#" panel-name="chronological-Suite" class="navigator-link ">
                    <span>Chronological view</span>
                  </a> <!-- navigator-link  -->
                </li>
              </ul>
            </div> <!-- suite-section-content -->
            <div class="result-section">
              <div class="suite-section-title">
                <span>Results</span>
              </div> <!-- suite-section-title -->
              <div class="suite-section-content">
                <ul>
                  <li>
                    <span class="method-stats">8 methods,  4 skipped,  4 passed</span>
                  </li>
                  <li>
                    <span class="method-list-title skipped">Skipped methods</span>
                    <span class="show-or-hide-methods skipped">
                      <a href="#" panel-name="suite-Suite" class="hide-methods skipped suite-Suite"> (hide)</a> <!-- hide-methods skipped suite-Suite -->
                      <a href="#" panel-name="suite-Suite" class="show-methods skipped suite-Suite"> (show)</a> <!-- show-methods skipped suite-Suite -->
                    </span>
                    <div class="method-list-content skipped suite-Suite">
                      <span>
                        <img src="skipped.png" width="3%"/>
                        <a href="#" panel-name="suite-Suite" title="hrm_EPS_ParallelTests.Class2Test" class="method navigator-link" hash-for-method="clickOnAdmin">clickOnAdmin</a> <!-- method navigator-link -->
                      </span>
                      <br/>
                      <span>
                        <img src="skipped.png" width="3%"/>
                        <a href="#" panel-name="suite-Suite" title="hrm_EPS_ParallelTests.Class2Test" class="method navigator-link" hash-for-method="clickOnLeave">clickOnLeave</a> <!-- method navigator-link -->
                      </span>
                      <br/>
                      <span>
                        <img src="skipped.png" width="3%"/>
                        <a href="#" panel-name="suite-Suite" title="hrm_EPS_ParallelTests.Class2Test" class="method navigator-link" hash-for-method="clickOnTime">clickOnTime</a> <!-- method navigator-link -->
                      </span>
                      <br/>
                      <span>
                        <img src="skipped.png" width="3%"/>
                        <a href="#" panel-name="suite-Suite" title="hrm_EPS_ParallelTests.Class2Test" class="method navigator-link" hash-for-method="pim">pim</a> <!-- method navigator-link -->
                      </span>
                      <br/>
                    </div> <!-- method-list-content skipped suite-Suite -->
                  </li>
                  <li>
                    <span class="method-list-title passed">Passed methods</span>
                    <span class="show-or-hide-methods passed">
                      <a href="#" panel-name="suite-Suite" class="hide-methods passed suite-Suite"> (hide)</a> <!-- hide-methods passed suite-Suite -->
                      <a href="#" panel-name="suite-Suite" class="show-methods passed suite-Suite"> (show)</a> <!-- show-methods passed suite-Suite -->
                    </span>
                    <div class="method-list-content passed suite-Suite">
                      <span>
                        <img src="passed.png" width="3%"/>
                        <a href="#" panel-name="suite-Suite" title="hrm_EPS_ParallelTests.Class1Test" class="method navigator-link" hash-for-method="clickOnAdmin">clickOnAdmin</a> <!-- method navigator-link -->
                      </span>
                      <br/>
                      <span>
                        <img src="passed.png" width="3%"/>
                        <a href="#" panel-name="suite-Suite" title="hrm_EPS_ParallelTests.Class1Test" class="method navigator-link" hash-for-method="clickOnLeave">clickOnLeave</a> <!-- method navigator-link -->
                      </span>
                      <br/>
                      <span>
                        <img src="passed.png" width="3%"/>
                        <a href="#" panel-name="suite-Suite" title="hrm_EPS_ParallelTests.Class1Test" class="method navigator-link" hash-for-method="clickOnTime">clickOnTime</a> <!-- method navigator-link -->
                      </span>
                      <br/>
                      <span>
                        <img src="passed.png" width="3%"/>
                        <a href="#" panel-name="suite-Suite" title="hrm_EPS_ParallelTests.Class1Test" class="method navigator-link" hash-for-method="pim">pim</a> <!-- method navigator-link -->
                      </span>
                      <br/>
                    </div> <!-- method-list-content passed suite-Suite -->
                  </li>
                </ul>
              </div> <!-- suite-section-content -->
            </div> <!-- result-section -->
          </div> <!-- navigator-suite-content -->
        </div> <!-- rounded-window -->
      </div> <!-- suite -->
    </div> <!-- navigator-root -->
    <div class="wrapper">
      <div class="main-panel-root">
        <div panel-name="suite-Suite" class="panel Suite">
          <div class="suite-Suite-class-skipped">
            <div class="main-panel-header rounded-window-top">
              <img src="skipped.png"/>
              <span class="class-name">hrm_EPS_ParallelTests.Class2Test</span>
            </div> <!-- main-panel-header rounded-window-top -->
            <div class="main-panel-content rounded-window-bottom">
              <div class="method">
                <div class="method-content">
                  <a name="clickOnAdmin">
                  </a> <!-- clickOnAdmin -->
                  <span class="method-name">clickOnAdmin</span>
                  <div class="stack-trace">org.openqa.selenium.SessionNotCreatedException: Could not start a new session. Response code 500. Message: session not created: This version of ChromeDriver only supports Chrome version 115
Current browser version is 120.0.6099.225 with binary path C:\Program Files (x86)\Google\Chrome\Application\chrome.exe
Build info: version: &apos;3.141.59&apos;, revision: &apos;e82be7d358&apos;, time: &apos;2018-11-14T08:25:53&apos;
System info: host: &apos;QASUDEEP&apos;, ip: &apos;192.168.60.8&apos;, os.name: &apos;Windows 10&apos;, os.arch: &apos;amd64&apos;, os.version: &apos;10.0&apos;, java.version: &apos;17.0.9&apos;
Driver info: driver.version: unknown
remote stacktrace: Backtrace:
	GetHandleVerifier [0x00007FF76EA54A62+57106]
	(No symbol) [0x00007FF76E9CCF52]
	(No symbol) [0x00007FF76E89E2CB]
	(No symbol) [0x00007FF76E8C9FDB]
	(No symbol) [0x00007FF76E8C4F8D]
	(No symbol) [0x00007FF76E8C30AA]
	(No symbol) [0x00007FF76E8FE3F7]
	(No symbol) [0x00007FF76E8FDF60]
	(No symbol) [0x00007FF76E8F6793]
	(No symbol) [0x00007FF76E8CCE81]
	(No symbol) [0x00007FF76E8CE064]
	GetHandleVerifier [0x00007FF76ED04222+2873042]
	GetHandleVerifier [0x00007FF76ED56590+3209792]
	GetHandleVerifier [0x00007FF76ED4F3AF+3180639]
	GetHandleVerifier [0x00007FF76EAE5F25+652245]
	(No symbol) [0x00007FF76E9D8618]
	(No symbol) [0x00007FF76E9D47C4]
	(No symbol) [0x00007FF76E9D48BC]
	(No symbol) [0x00007FF76E9C4C33]
	BaseThreadInitThunk [0x00007FFCB5F67344+20]
	RtlUserThreadStart [0x00007FFCB6AA26B1+33]
 
Host info: host: &apos;LAPTOP-QHMIOBC5&apos;, ip: &apos;192.168.60.66&apos;
Build info: version: &apos;4.11.0&apos;, revision: &apos;040bc5406b&apos;
System info: os.name: &apos;Windows 11&apos;, os.arch: &apos;amd64&apos;, os.version: &apos;10.0&apos;, java.version: &apos;20.0.2&apos;
Driver info: org.openqa.selenium.remote.RemoteWebDriver
Command: [null, newSession {capabilities=[Capabilities {browserName: chrome, platformName: any}]}]
Capabilities {browserName: chrome, platformName: any}
	at org.openqa.selenium.remote.ProtocolHandshake.createSession(ProtocolHandshake.java:140)
	at org.openqa.selenium.remote.ProtocolHandshake.createSession(ProtocolHandshake.java:96)
	at org.openqa.selenium.remote.ProtocolHandshake.createSession(ProtocolHandshake.java:68)
	at org.openqa.selenium.remote.HttpCommandExecutor.execute(HttpCommandExecutor.java:163)
	at org.openqa.selenium.remote.TracedCommandExecutor.execute(TracedCommandExecutor.java:51)
	at org.openqa.selenium.remote.RemoteWebDriver.execute(RemoteWebDriver.java:518)
	at org.openqa.selenium.remote.RemoteWebDriver.startSession(RemoteWebDriver.java:232)
	at org.openqa.selenium.remote.RemoteWebDriver.&lt;init&gt;(RemoteWebDriver.java:159)
	at org.openqa.selenium.remote.RemoteWebDriver.&lt;init&gt;(RemoteWebDriver.java:139)
	at com.GenericUtils.BaseClass_HRM_EPS.bcConfig(BaseClass_HRM_EPS.java:111)
	at java.base/java.util.ArrayList.forEach(ArrayList.java:1511)
	at java.base/java.util.concurrent.FutureTask.run(FutureTask.java:317)
	at java.base/java.util.concurrent.ThreadPoolExecutor.runWorker(ThreadPoolExecutor.java:1144)
	at java.base/java.util.concurrent.ThreadPoolExecutor$Worker.run(ThreadPoolExecutor.java:642)
	at java.base/java.lang.Thread.run(Thread.java:1623)
... Removed 13 stack frames
</div> <!-- stack-trace -->
                </div> <!-- method-content -->
              </div> <!-- method -->
              <div class="method">
                <div class="method-content">
                  <a name="clickOnLeave">
                  </a> <!-- clickOnLeave -->
                  <span class="method-name">clickOnLeave</span>
                  <div class="stack-trace">org.openqa.selenium.SessionNotCreatedException: Could not start a new session. Response code 500. Message: session not created: This version of ChromeDriver only supports Chrome version 115
Current browser version is 120.0.6099.225 with binary path C:\Program Files (x86)\Google\Chrome\Application\chrome.exe
Build info: version: &apos;3.141.59&apos;, revision: &apos;e82be7d358&apos;, time: &apos;2018-11-14T08:25:53&apos;
System info: host: &apos;QASUDEEP&apos;, ip: &apos;192.168.60.8&apos;, os.name: &apos;Windows 10&apos;, os.arch: &apos;amd64&apos;, os.version: &apos;10.0&apos;, java.version: &apos;17.0.9&apos;
Driver info: driver.version: unknown
remote stacktrace: Backtrace:
	GetHandleVerifier [0x00007FF76EA54A62+57106]
	(No symbol) [0x00007FF76E9CCF52]
	(No symbol) [0x00007FF76E89E2CB]
	(No symbol) [0x00007FF76E8C9FDB]
	(No symbol) [0x00007FF76E8C4F8D]
	(No symbol) [0x00007FF76E8C30AA]
	(No symbol) [0x00007FF76E8FE3F7]
	(No symbol) [0x00007FF76E8FDF60]
	(No symbol) [0x00007FF76E8F6793]
	(No symbol) [0x00007FF76E8CCE81]
	(No symbol) [0x00007FF76E8CE064]
	GetHandleVerifier [0x00007FF76ED04222+2873042]
	GetHandleVerifier [0x00007FF76ED56590+3209792]
	GetHandleVerifier [0x00007FF76ED4F3AF+3180639]
	GetHandleVerifier [0x00007FF76EAE5F25+652245]
	(No symbol) [0x00007FF76E9D8618]
	(No symbol) [0x00007FF76E9D47C4]
	(No symbol) [0x00007FF76E9D48BC]
	(No symbol) [0x00007FF76E9C4C33]
	BaseThreadInitThunk [0x00007FFCB5F67344+20]
	RtlUserThreadStart [0x00007FFCB6AA26B1+33]
 
Host info: host: &apos;LAPTOP-QHMIOBC5&apos;, ip: &apos;192.168.60.66&apos;
Build info: version: &apos;4.11.0&apos;, revision: &apos;040bc5406b&apos;
System info: os.name: &apos;Windows 11&apos;, os.arch: &apos;amd64&apos;, os.version: &apos;10.0&apos;, java.version: &apos;20.0.2&apos;
Driver info: org.openqa.selenium.remote.RemoteWebDriver
Command: [null, newSession {capabilities=[Capabilities {browserName: chrome, platformName: any}]}]
Capabilities {browserName: chrome, platformName: any}
	at org.openqa.selenium.remote.ProtocolHandshake.createSession(ProtocolHandshake.java:140)
	at org.openqa.selenium.remote.ProtocolHandshake.createSession(ProtocolHandshake.java:96)
	at org.openqa.selenium.remote.ProtocolHandshake.createSession(ProtocolHandshake.java:68)
	at org.openqa.selenium.remote.HttpCommandExecutor.execute(HttpCommandExecutor.java:163)
	at org.openqa.selenium.remote.TracedCommandExecutor.execute(TracedCommandExecutor.java:51)
	at org.openqa.selenium.remote.RemoteWebDriver.execute(RemoteWebDriver.java:518)
	at org.openqa.selenium.remote.RemoteWebDriver.startSession(RemoteWebDriver.java:232)
	at org.openqa.selenium.remote.RemoteWebDriver.&lt;init&gt;(RemoteWebDriver.java:159)
	at org.openqa.selenium.remote.RemoteWebDriver.&lt;init&gt;(RemoteWebDriver.java:139)
	at com.GenericUtils.BaseClass_HRM_EPS.bcConfig(BaseClass_HRM_EPS.java:111)
	at java.base/java.util.ArrayList.forEach(ArrayList.java:1511)
	at java.base/java.util.concurrent.FutureTask.run(FutureTask.java:317)
	at java.base/java.util.concurrent.ThreadPoolExecutor.runWorker(ThreadPoolExecutor.java:1144)
	at java.base/java.util.concurrent.ThreadPoolExecutor$Worker.run(ThreadPoolExecutor.java:642)
	at java.base/java.lang.Thread.run(Thread.java:1623)
... Removed 13 stack frames
</div> <!-- stack-trace -->
                </div> <!-- method-content -->
              </div> <!-- method -->
              <div class="method">
                <div class="method-content">
                  <a name="clickOnTime">
                  </a> <!-- clickOnTime -->
                  <span class="method-name">clickOnTime</span>
                  <div class="stack-trace">org.openqa.selenium.SessionNotCreatedException: Could not start a new session. Response code 500. Message: session not created: This version of ChromeDriver only supports Chrome version 115
Current browser version is 120.0.6099.225 with binary path C:\Program Files (x86)\Google\Chrome\Application\chrome.exe
Build info: version: &apos;3.141.59&apos;, revision: &apos;e82be7d358&apos;, time: &apos;2018-11-14T08:25:53&apos;
System info: host: &apos;QASUDEEP&apos;, ip: &apos;192.168.60.8&apos;, os.name: &apos;Windows 10&apos;, os.arch: &apos;amd64&apos;, os.version: &apos;10.0&apos;, java.version: &apos;17.0.9&apos;
Driver info: driver.version: unknown
remote stacktrace: Backtrace:
	GetHandleVerifier [0x00007FF76EA54A62+57106]
	(No symbol) [0x00007FF76E9CCF52]
	(No symbol) [0x00007FF76E89E2CB]
	(No symbol) [0x00007FF76E8C9FDB]
	(No symbol) [0x00007FF76E8C4F8D]
	(No symbol) [0x00007FF76E8C30AA]
	(No symbol) [0x00007FF76E8FE3F7]
	(No symbol) [0x00007FF76E8FDF60]
	(No symbol) [0x00007FF76E8F6793]
	(No symbol) [0x00007FF76E8CCE81]
	(No symbol) [0x00007FF76E8CE064]
	GetHandleVerifier [0x00007FF76ED04222+2873042]
	GetHandleVerifier [0x00007FF76ED56590+3209792]
	GetHandleVerifier [0x00007FF76ED4F3AF+3180639]
	GetHandleVerifier [0x00007FF76EAE5F25+652245]
	(No symbol) [0x00007FF76E9D8618]
	(No symbol) [0x00007FF76E9D47C4]
	(No symbol) [0x00007FF76E9D48BC]
	(No symbol) [0x00007FF76E9C4C33]
	BaseThreadInitThunk [0x00007FFCB5F67344+20]
	RtlUserThreadStart [0x00007FFCB6AA26B1+33]
 
Host info: host: &apos;LAPTOP-QHMIOBC5&apos;, ip: &apos;192.168.60.66&apos;
Build info: version: &apos;4.11.0&apos;, revision: &apos;040bc5406b&apos;
System info: os.name: &apos;Windows 11&apos;, os.arch: &apos;amd64&apos;, os.version: &apos;10.0&apos;, java.version: &apos;20.0.2&apos;
Driver info: org.openqa.selenium.remote.RemoteWebDriver
Command: [null, newSession {capabilities=[Capabilities {browserName: chrome, platformName: any}]}]
Capabilities {browserName: chrome, platformName: any}
	at org.openqa.selenium.remote.ProtocolHandshake.createSession(ProtocolHandshake.java:140)
	at org.openqa.selenium.remote.ProtocolHandshake.createSession(ProtocolHandshake.java:96)
	at org.openqa.selenium.remote.ProtocolHandshake.createSession(ProtocolHandshake.java:68)
	at org.openqa.selenium.remote.HttpCommandExecutor.execute(HttpCommandExecutor.java:163)
	at org.openqa.selenium.remote.TracedCommandExecutor.execute(TracedCommandExecutor.java:51)
	at org.openqa.selenium.remote.RemoteWebDriver.execute(RemoteWebDriver.java:518)
	at org.openqa.selenium.remote.RemoteWebDriver.startSession(RemoteWebDriver.java:232)
	at org.openqa.selenium.remote.RemoteWebDriver.&lt;init&gt;(RemoteWebDriver.java:159)
	at org.openqa.selenium.remote.RemoteWebDriver.&lt;init&gt;(RemoteWebDriver.java:139)
	at com.GenericUtils.BaseClass_HRM_EPS.bcConfig(BaseClass_HRM_EPS.java:111)
	at java.base/java.util.ArrayList.forEach(ArrayList.java:1511)
	at java.base/java.util.concurrent.FutureTask.run(FutureTask.java:317)
	at java.base/java.util.concurrent.ThreadPoolExecutor.runWorker(ThreadPoolExecutor.java:1144)
	at java.base/java.util.concurrent.ThreadPoolExecutor$Worker.run(ThreadPoolExecutor.java:642)
	at java.base/java.lang.Thread.run(Thread.java:1623)
... Removed 13 stack frames
</div> <!-- stack-trace -->
                </div> <!-- method-content -->
              </div> <!-- method -->
              <div class="method">
                <div class="method-content">
                  <a name="pim">
                  </a> <!-- pim -->
                  <span class="method-name">pim</span>
                  <div class="stack-trace">org.openqa.selenium.SessionNotCreatedException: Could not start a new session. Response code 500. Message: session not created: This version of ChromeDriver only supports Chrome version 115
Current browser version is 120.0.6099.225 with binary path C:\Program Files (x86)\Google\Chrome\Application\chrome.exe
Build info: version: &apos;3.141.59&apos;, revision: &apos;e82be7d358&apos;, time: &apos;2018-11-14T08:25:53&apos;
System info: host: &apos;QASUDEEP&apos;, ip: &apos;192.168.60.8&apos;, os.name: &apos;Windows 10&apos;, os.arch: &apos;amd64&apos;, os.version: &apos;10.0&apos;, java.version: &apos;17.0.9&apos;
Driver info: driver.version: unknown
remote stacktrace: Backtrace:
	GetHandleVerifier [0x00007FF76EA54A62+57106]
	(No symbol) [0x00007FF76E9CCF52]
	(No symbol) [0x00007FF76E89E2CB]
	(No symbol) [0x00007FF76E8C9FDB]
	(No symbol) [0x00007FF76E8C4F8D]
	(No symbol) [0x00007FF76E8C30AA]
	(No symbol) [0x00007FF76E8FE3F7]
	(No symbol) [0x00007FF76E8FDF60]
	(No symbol) [0x00007FF76E8F6793]
	(No symbol) [0x00007FF76E8CCE81]
	(No symbol) [0x00007FF76E8CE064]
	GetHandleVerifier [0x00007FF76ED04222+2873042]
	GetHandleVerifier [0x00007FF76ED56590+3209792]
	GetHandleVerifier [0x00007FF76ED4F3AF+3180639]
	GetHandleVerifier [0x00007FF76EAE5F25+652245]
	(No symbol) [0x00007FF76E9D8618]
	(No symbol) [0x00007FF76E9D47C4]
	(No symbol) [0x00007FF76E9D48BC]
	(No symbol) [0x00007FF76E9C4C33]
	BaseThreadInitThunk [0x00007FFCB5F67344+20]
	RtlUserThreadStart [0x00007FFCB6AA26B1+33]
 
Host info: host: &apos;LAPTOP-QHMIOBC5&apos;, ip: &apos;192.168.60.66&apos;
Build info: version: &apos;4.11.0&apos;, revision: &apos;040bc5406b&apos;
System info: os.name: &apos;Windows 11&apos;, os.arch: &apos;amd64&apos;, os.version: &apos;10.0&apos;, java.version: &apos;20.0.2&apos;
Driver info: org.openqa.selenium.remote.RemoteWebDriver
Command: [null, newSession {capabilities=[Capabilities {browserName: chrome, platformName: any}]}]
Capabilities {browserName: chrome, platformName: any}
	at org.openqa.selenium.remote.ProtocolHandshake.createSession(ProtocolHandshake.java:140)
	at org.openqa.selenium.remote.ProtocolHandshake.createSession(ProtocolHandshake.java:96)
	at org.openqa.selenium.remote.ProtocolHandshake.createSession(ProtocolHandshake.java:68)
	at org.openqa.selenium.remote.HttpCommandExecutor.execute(HttpCommandExecutor.java:163)
	at org.openqa.selenium.remote.TracedCommandExecutor.execute(TracedCommandExecutor.java:51)
	at org.openqa.selenium.remote.RemoteWebDriver.execute(RemoteWebDriver.java:518)
	at org.openqa.selenium.remote.RemoteWebDriver.startSession(RemoteWebDriver.java:232)
	at org.openqa.selenium.remote.RemoteWebDriver.&lt;init&gt;(RemoteWebDriver.java:159)
	at org.openqa.selenium.remote.RemoteWebDriver.&lt;init&gt;(RemoteWebDriver.java:139)
	at com.GenericUtils.BaseClass_HRM_EPS.bcConfig(BaseClass_HRM_EPS.java:111)
	at java.base/java.util.ArrayList.forEach(ArrayList.java:1511)
	at java.base/java.util.concurrent.FutureTask.run(FutureTask.java:317)
	at java.base/java.util.concurrent.ThreadPoolExecutor.runWorker(ThreadPoolExecutor.java:1144)
	at java.base/java.util.concurrent.ThreadPoolExecutor$Worker.run(ThreadPoolExecutor.java:642)
	at java.base/java.lang.Thread.run(Thread.java:1623)
... Removed 13 stack frames
</div> <!-- stack-trace -->
                </div> <!-- method-content -->
              </div> <!-- method -->
            </div> <!-- main-panel-content rounded-window-bottom -->
          </div> <!-- suite-Suite-class-skipped -->
          <div class="suite-Suite-class-passed">
            <div class="main-panel-header rounded-window-top">
              <img src="passed.png"/>
              <span class="class-name">hrm_EPS_ParallelTests.Class1Test</span>
            </div> <!-- main-panel-header rounded-window-top -->
            <div class="main-panel-content rounded-window-bottom">
              <div class="method">
                <div class="method-content">
                  <a name="clickOnAdmin">
                  </a> <!-- clickOnAdmin -->
                  <span class="method-name">clickOnAdmin</span>
                </div> <!-- method-content -->
              </div> <!-- method -->
              <div class="method">
                <div class="method-content">
                  <a name="clickOnLeave">
                  </a> <!-- clickOnLeave -->
                  <span class="method-name">clickOnLeave</span>
                </div> <!-- method-content -->
              </div> <!-- method -->
              <div class="method">
                <div class="method-content">
                  <a name="clickOnTime">
                  </a> <!-- clickOnTime -->
                  <span class="method-name">clickOnTime</span>
                </div> <!-- method-content -->
              </div> <!-- method -->
              <div class="method">
                <div class="method-content">
                  <a name="pim">
                  </a> <!-- pim -->
                  <span class="method-name">pim</span>
                </div> <!-- method-content -->
              </div> <!-- method -->
            </div> <!-- main-panel-content rounded-window-bottom -->
          </div> <!-- suite-Suite-class-passed -->
        </div> <!-- panel Suite -->
        <div panel-name="test-xml-Suite" class="panel">
          <div class="main-panel-header rounded-window-top">
            <span class="header-content">C:\Users\PRASANTH\eclipse-workspace\com.SeleniumGridPractice\EPStestCasesInParallel.xml</span>
          </div> <!-- main-panel-header rounded-window-top -->
          <div class="main-panel-content rounded-window-bottom">
            <pre>
&lt;?xml version=&quot;1.0&quot; encoding=&quot;UTF-8&quot;?&gt;
&lt;!DOCTYPE suite SYSTEM &quot;https://testng.org/testng-1.0.dtd&quot;&gt;
&lt;suite thread-count=&quot;4&quot; parallel=&quot;tests&quot; name=&quot;Suite&quot; guice-stage=&quot;DEVELOPMENT&quot;&gt;
  &lt;test thread-count=&quot;4&quot; parallel=&quot;tests&quot; name=&quot;Test1&quot;&gt;
    &lt;parameter name=&quot;browser&quot; value=&quot;chrome&quot;/&gt;
    &lt;classes&gt;
      &lt;class name=&quot;hrm_EPS_ParallelTests.Class1Test&quot;/&gt;
    &lt;/classes&gt;
  &lt;/test&gt; &lt;!-- Test1 --&gt;
  &lt;test thread-count=&quot;4&quot; parallel=&quot;tests&quot; name=&quot;Test2&quot;&gt;
    &lt;parameter name=&quot;browser&quot; value=&quot;chrome&quot;/&gt;
    &lt;classes&gt;
      &lt;class name=&quot;hrm_EPS_ParallelTests.Class2Test&quot;/&gt;
    &lt;/classes&gt;
  &lt;/test&gt; &lt;!-- Test2 --&gt;
&lt;/suite&gt; &lt;!-- Suite --&gt;
            </pre>
          </div> <!-- main-panel-content rounded-window-bottom -->
        </div> <!-- panel -->
        <div panel-name="testlist-Suite" class="panel">
          <div class="main-panel-header rounded-window-top">
            <span class="header-content">Tests for Suite</span>
          </div> <!-- main-panel-header rounded-window-top -->
          <div class="main-panel-content rounded-window-bottom">
            <ul>
              <li>
                <span class="test-name">Test1 (1 class)</span>
              </li>
              <li>
                <span class="test-name">Test2 (1 class)</span>
              </li>
            </ul>
          </div> <!-- main-panel-content rounded-window-bottom -->
        </div> <!-- panel -->
        <div panel-name="group-Suite" class="panel">
          <div class="main-panel-header rounded-window-top">
            <span class="header-content">Groups for Suite</span>
          </div> <!-- main-panel-header rounded-window-top -->
          <div class="main-panel-content rounded-window-bottom">
          </div> <!-- main-panel-content rounded-window-bottom -->
        </div> <!-- panel -->
        <div panel-name="times-Suite" class="panel">
          <div class="main-panel-header rounded-window-top">
            <span class="header-content">Times for Suite</span>
          </div> <!-- main-panel-header rounded-window-top -->
          <div class="main-panel-content rounded-window-bottom">
            <div class="times-div">
              <script type="text/javascript">
suiteTableInitFunctions.push('tableData_Suite');
function tableData_Suite() {
var data = new google.visualization.DataTable();
data.addColumn('number', 'Number');
data.addColumn('string', 'Method');
data.addColumn('string', 'Class');
data.addColumn('number', 'Time (ms)');
data.addRows(8);
data.setCell(0, 0, 0)
data.setCell(0, 1, 'clickOnAdmin')
data.setCell(0, 2, 'hrm_EPS_ParallelTests.Class1Test')
data.setCell(0, 3, 5156);
data.setCell(1, 0, 1)
data.setCell(1, 1, 'clickOnLeave')
data.setCell(1, 2, 'hrm_EPS_ParallelTests.Class1Test')
data.setCell(1, 3, 3987);
data.setCell(2, 0, 2)
data.setCell(2, 1, 'pim')
data.setCell(2, 2, 'hrm_EPS_ParallelTests.Class1Test')
data.setCell(2, 3, 2834);
data.setCell(3, 0, 3)
data.setCell(3, 1, 'clickOnTime')
data.setCell(3, 2, 'hrm_EPS_ParallelTests.Class1Test')
data.setCell(3, 3, 1523);
data.setCell(4, 0, 4)
data.setCell(4, 1, 'clickOnTime')
data.setCell(4, 2, 'hrm_EPS_ParallelTests.Class2Test')
data.setCell(4, 3, 0);
data.setCell(5, 0, 5)
data.setCell(5, 1, 'clickOnLeave')
data.setCell(5, 2, 'hrm_EPS_ParallelTests.Class2Test')
data.setCell(5, 3, 0);
data.setCell(6, 0, 6)
data.setCell(6, 1, 'clickOnAdmin')
data.setCell(6, 2, 'hrm_EPS_ParallelTests.Class2Test')
data.setCell(6, 3, 0);
data.setCell(7, 0, 7)
data.setCell(7, 1, 'pim')
data.setCell(7, 2, 'hrm_EPS_ParallelTests.Class2Test')
data.setCell(7, 3, 0);
window.suiteTableData['Suite']= { tableData: data, tableDiv: 'times-div-Suite'}
return data;
}
              </script>
              <span class="suite-total-time">Total running time: 2 minutes</span>
              <div id="times-div-Suite">
              </div> <!-- times-div-Suite -->
            </div> <!-- times-div -->
          </div> <!-- main-panel-content rounded-window-bottom -->
        </div> <!-- panel -->
        <div panel-name="reporter-Suite" class="panel">
          <div class="main-panel-header rounded-window-top">
            <span class="header-content">Reporter output for Suite</span>
          </div> <!-- main-panel-header rounded-window-top -->
          <div class="main-panel-content rounded-window-bottom">
          </div> <!-- main-panel-content rounded-window-bottom -->
        </div> <!-- panel -->
        <div panel-name="ignored-methods-Suite" class="panel">
          <div class="main-panel-header rounded-window-top">
            <span class="header-content">0 ignored methods</span>
          </div> <!-- main-panel-header rounded-window-top -->
          <div class="main-panel-content rounded-window-bottom">
          </div> <!-- main-panel-content rounded-window-bottom -->
        </div> <!-- panel -->
        <div panel-name="chronological-Suite" class="panel">
          <div class="main-panel-header rounded-window-top">
            <span class="header-content">Methods in chronological order</span>
          </div> <!-- main-panel-header rounded-window-top -->
          <div class="main-panel-content rounded-window-bottom">
            <div class="chronological-class">
              <div class="chronological-class-name">hrm_EPS_ParallelTests.Class2Test</div> <!-- chronological-class-name -->
              <div class="configuration-suite before">
                <span class="method-name">bsConfig</span>
                <span class="method-start">0 ms</span>
              </div> <!-- configuration-suite before -->
            </div> <!-- chronological-class -->
            <div class="chronological-class">
              <div class="chronological-class-name">hrm_EPS_ParallelTests.Class1Test</div> <!-- chronological-class-name -->
              <div class="configuration-class before">
                <span class="method-name">bcConfig(chrome)</span>
                <span class="method-start">46 ms</span>
              </div> <!-- configuration-class before -->
            </div> <!-- chronological-class -->
            <div class="chronological-class">
              <div class="chronological-class-name">hrm_EPS_ParallelTests.Class2Test</div> <!-- chronological-class-name -->
              <div class="configuration-class before">
                <img src="failed.png">
                </img>
                <span class="method-name">bcConfig(chrome)</span>
                <span class="method-start">46 ms</span>
              </div> <!-- configuration-class before -->
              <div class="configuration-method before">
                <span class="method-name">bmConfig</span>
                <span class="method-start">2229 ms</span>
              </div> <!-- configuration-method before -->
              <div class="test-method">
                <span class="method-name">clickOnAdmin</span>
                <span class="method-start">2232 ms</span>
              </div> <!-- test-method -->
              <div class="configuration-method after">
                <span class="method-name">amConfig</span>
                <span class="method-start">2236 ms</span>
              </div> <!-- configuration-method after -->
              <div class="configuration-method before">
                <span class="method-name">bmConfig</span>
                <span class="method-start">2238 ms</span>
              </div> <!-- configuration-method before -->
              <div class="test-method">
                <span class="method-name">clickOnLeave</span>
                <span class="method-start">2239 ms</span>
              </div> <!-- test-method -->
              <div class="configuration-method after">
                <span class="method-name">amConfig</span>
                <span class="method-start">2241 ms</span>
              </div> <!-- configuration-method after -->
              <div class="configuration-method before">
                <span class="method-name">bmConfig</span>
                <span class="method-start">2245 ms</span>
              </div> <!-- configuration-method before -->
              <div class="test-method">
                <span class="method-name">clickOnTime</span>
                <span class="method-start">2247 ms</span>
              </div> <!-- test-method -->
              <div class="configuration-method after">
                <span class="method-name">amConfig</span>
                <span class="method-start">2249 ms</span>
              </div> <!-- configuration-method after -->
              <div class="configuration-method before">
                <span class="method-name">bmConfig</span>
                <span class="method-start">2251 ms</span>
              </div> <!-- configuration-method before -->
              <div class="test-method">
                <span class="method-name">pim</span>
                <span class="method-start">2251 ms</span>
              </div> <!-- test-method -->
              <div class="configuration-method after">
                <span class="method-name">amConfig</span>
                <span class="method-start">2253 ms</span>
              </div> <!-- configuration-method after -->
              <div class="configuration-class after">
                <span class="method-name">acConfig</span>
                <span class="method-start">2254 ms</span>
              </div> <!-- configuration-class after -->
            </div> <!-- chronological-class -->
            <div class="chronological-class">
              <div class="chronological-class-name">hrm_EPS_ParallelTests.Class1Test</div> <!-- chronological-class-name -->
              <div class="configuration-method before">
                <span class="method-name">bmConfig</span>
                <span class="method-start">119016 ms</span>
              </div> <!-- configuration-method before -->
              <div class="test-method">
                <span class="method-name">clickOnAdmin</span>
                <span class="method-start">130777 ms</span>
              </div> <!-- test-method -->
              <div class="configuration-method after">
                <span class="method-name">amConfig</span>
                <span class="method-start">135940 ms</span>
              </div> <!-- configuration-method after -->
              <div class="configuration-method before">
                <span class="method-name">bmConfig</span>
                <span class="method-start">138805 ms</span>
              </div> <!-- configuration-method before -->
              <div class="test-method">
                <span class="method-name">clickOnLeave</span>
                <span class="method-start">141698 ms</span>
              </div> <!-- test-method -->
              <div class="configuration-method after">
                <span class="method-name">amConfig</span>
                <span class="method-start">145686 ms</span>
              </div> <!-- configuration-method after -->
              <div class="configuration-method before">
                <span class="method-name">bmConfig</span>
                <span class="method-start">147814 ms</span>
              </div> <!-- configuration-method before -->
              <div class="test-method">
                <span class="method-name">clickOnTime</span>
                <span class="method-start">149561 ms</span>
              </div> <!-- test-method -->
              <div class="configuration-method after">
                <span class="method-name">amConfig</span>
                <span class="method-start">151085 ms</span>
              </div> <!-- configuration-method after -->
              <div class="configuration-method before">
                <span class="method-name">bmConfig</span>
                <span class="method-start">152278 ms</span>
              </div> <!-- configuration-method before -->
              <div class="test-method">
                <span class="method-name">pim</span>
                <span class="method-start">152755 ms</span>
              </div> <!-- test-method -->
              <div class="configuration-method after">
                <span class="method-name">amConfig</span>
                <span class="method-start">155590 ms</span>
              </div> <!-- configuration-method after -->
              <div class="configuration-class after">
                <span class="method-name">acConfig</span>
                <span class="method-start">156979 ms</span>
              </div> <!-- configuration-class after -->
            </div> <!-- chronological-class -->
            <div class="chronological-class">
              <div class="chronological-class-name">hrm_EPS_ParallelTests.Class2Test</div> <!-- chronological-class-name -->
              <div class="configuration-suite after">
                <span class="method-name">asConfig</span>
                <span class="method-start">157082 ms</span>
              </div> <!-- configuration-suite after -->
          </div> <!-- main-panel-content rounded-window-bottom -->
        </div> <!-- panel -->
      </div> <!-- main-panel-root -->
    </div> <!-- wrapper -->
  </body>
<script type="text/javascript" src="testng-reports2.js"></script>
</html>
