<?xml version="1.0" encoding="UTF-8"?>
<testng-results ignored="0" total="8" passed="4" failed="0" skipped="4">
  <reporter-output>
  </reporter-output>
  <suite started-at="2024-01-21T12:54:53 IST" name="Suite" finished-at="2024-01-21T12:57:30 IST" duration-ms="157049">
    <groups>
    </groups>
    <test started-at="2024-01-21T12:54:53 IST" name="Test2" finished-at="2024-01-21T12:54:55 IST" duration-ms="2240">
      <class name="hrm_EPS_ParallelTests.Class2Test">
        <test-method is-config="true" signature="bsConfig()[pri:0, instance:hrm_EPS_ParallelTests.Class2Test@4a003cbe]" started-at="2024-01-21T12:54:53 IST" name="bsConfig" finished-at="2024-01-21T12:54:53 IST" duration-ms="8" status="PASS">
          <reporter-output>
          </reporter-output>
        </test-method> <!-- bsConfig -->
        <test-method is-config="true" signature="bcConfig(java.lang.String)[pri:0, instance:hrm_EPS_ParallelTests.Class2Test@4a003cbe]" started-at="2024-01-21T12:54:53 IST" name="bcConfig" finished-at="2024-01-21T12:54:55 IST" duration-ms="2162" status="FAIL">
          <params>
            <param index="0">
              <value>
                <![CDATA[chrome]]>
              </value>
            </param>
          </params>
          <exception class="org.openqa.selenium.SessionNotCreatedException">
            <message>
              <![CDATA[Could not start a new session. Response code 500. Message: session not created: This version of ChromeDriver only supports Chrome version 115
Current browser version is 120.0.6099.225 with binary path C:\Program Files (x86)\Google\Chrome\Application\chrome.exe
Build info: version: '3.141.59', revision: 'e82be7d358', time: '2018-11-14T08:25:53'
System info: host: 'QASUDEEP', ip: '192.168.60.8', os.name: 'Windows 10', os.arch: 'amd64', os.version: '10.0', java.version: '17.0.9'
Driver info: driver.version: unknown
remote stacktrace: Backtrace:
GetHandleVerifier [0x00007FF76EA54A62+57106]
(No symbol) [0x00007FF76E9CCF52]
(No symbol) [0x00007FF76E89E2CB]
(No symbol) [0x00007FF76E8C9FDB]
(No symbol) [0x00007FF76E8C4F8D]
(No symbol) [0x00007FF76E8C30AA]
(No symbol) [0x00007FF76E8FE3F7]
(No symbol) [0x00007FF76E8FDF60]
(No symbol) [0x00007FF76E8F6793]
(No symbol) [0x00007FF76E8CCE81]
(No symbol) [0x00007FF76E8CE064]
GetHandleVerifier [0x00007FF76ED04222+2873042]
GetHandleVerifier [0x00007FF76ED56590+3209792]
GetHandleVerifier [0x00007FF76ED4F3AF+3180639]
GetHandleVerifier [0x00007FF76EAE5F25+652245]
(No symbol) [0x00007FF76E9D8618]
(No symbol) [0x00007FF76E9D47C4]
(No symbol) [0x00007FF76E9D48BC]
(No symbol) [0x00007FF76E9C4C33]
BaseThreadInitThunk [0x00007FFCB5F67344+20]
RtlUserThreadStart [0x00007FFCB6AA26B1+33]
 
Host info: host: 'LAPTOP-QHMIOBC5', ip: '192.168.60.66'
Build info: version: '4.11.0', revision: '040bc5406b'
System info: os.name: 'Windows 11', os.arch: 'amd64', os.version: '10.0', java.version: '20.0.2'
Driver info: org.openqa.selenium.remote.RemoteWebDriver
Command: [null, newSession {capabilities=[Capabilities {browserName: chrome, platformName: any}]}]
Capabilities {browserName: chrome, platformName: any}]]>
            </message>
            <full-stacktrace>
              <![CDATA[org.openqa.selenium.SessionNotCreatedException: Could not start a new session. Response code 500. Message: session not created: This version of ChromeDriver only supports Chrome version 115
Current browser version is 120.0.6099.225 with binary path C:\Program Files (x86)\Google\Chrome\Application\chrome.exe
Build info: version: '3.141.59', revision: 'e82be7d358', time: '2018-11-14T08:25:53'
System info: host: 'QASUDEEP', ip: '192.168.60.8', os.name: 'Windows 10', os.arch: 'amd64', os.version: '10.0', java.version: '17.0.9'
Driver info: driver.version: unknown
remote stacktrace: Backtrace:
GetHandleVerifier [0x00007FF76EA54A62+57106]
(No symbol) [0x00007FF76E9CCF52]
(No symbol) [0x00007FF76E89E2CB]
(No symbol) [0x00007FF76E8C9FDB]
(No symbol) [0x00007FF76E8C4F8D]
(No symbol) [0x00007FF76E8C30AA]
(No symbol) [0x00007FF76E8FE3F7]
(No symbol) [0x00007FF76E8FDF60]
(No symbol) [0x00007FF76E8F6793]
(No symbol) [0x00007FF76E8CCE81]
(No symbol) [0x00007FF76E8CE064]
GetHandleVerifier [0x00007FF76ED04222+2873042]
GetHandleVerifier [0x00007FF76ED56590+3209792]
GetHandleVerifier [0x00007FF76ED4F3AF+3180639]
GetHandleVerifier [0x00007FF76EAE5F25+652245]
(No symbol) [0x00007FF76E9D8618]
(No symbol) [0x00007FF76E9D47C4]
(No symbol) [0x00007FF76E9D48BC]
(No symbol) [0x00007FF76E9C4C33]
BaseThreadInitThunk [0x00007FFCB5F67344+20]
RtlUserThreadStart [0x00007FFCB6AA26B1+33]
 
Host info: host: 'LAPTOP-QHMIOBC5', ip: '192.168.60.66'
Build info: version: '4.11.0', revision: '040bc5406b'
System info: os.name: 'Windows 11', os.arch: 'amd64', os.version: '10.0', java.version: '20.0.2'
Driver info: org.openqa.selenium.remote.RemoteWebDriver
Command: [null, newSession {capabilities=[Capabilities {browserName: chrome, platformName: any}]}]
Capabilities {browserName: chrome, platformName: any}
at org.openqa.selenium.remote.ProtocolHandshake.createSession(ProtocolHandshake.java:140)
at org.openqa.selenium.remote.ProtocolHandshake.createSession(ProtocolHandshake.java:96)
at org.openqa.selenium.remote.ProtocolHandshake.createSession(ProtocolHandshake.java:68)
at org.openqa.selenium.remote.HttpCommandExecutor.execute(HttpCommandExecutor.java:163)
at org.openqa.selenium.remote.TracedCommandExecutor.execute(TracedCommandExecutor.java:51)
at org.openqa.selenium.remote.RemoteWebDriver.execute(RemoteWebDriver.java:518)
at org.openqa.selenium.remote.RemoteWebDriver.startSession(RemoteWebDriver.java:232)
at org.openqa.selenium.remote.RemoteWebDriver.<init>(RemoteWebDriver.java:159)
at org.openqa.selenium.remote.RemoteWebDriver.<init>(RemoteWebDriver.java:139)
at com.GenericUtils.BaseClass_HRM_EPS.bcConfig(BaseClass_HRM_EPS.java:111)
at java.base/jdk.internal.reflect.DirectMethodHandleAccessor.invoke(DirectMethodHandleAccessor.java:104)
at java.base/java.lang.reflect.Method.invoke(Method.java:578)
at org.testng.internal.invokers.MethodInvocationHelper.invokeMethod(MethodInvocationHelper.java:139)
at org.testng.internal.invokers.MethodInvocationHelper.invokeMethodConsideringTimeout(MethodInvocationHelper.java:69)
at org.testng.internal.invokers.ConfigInvoker.invokeConfigurationMethod(ConfigInvoker.java:361)
at org.testng.internal.invokers.ConfigInvoker.invokeConfigurations(ConfigInvoker.java:296)
at org.testng.internal.invokers.TestMethodWorker.invokeBeforeClassMethods(TestMethodWorker.java:180)
at org.testng.internal.invokers.TestMethodWorker.run(TestMethodWorker.java:122)
at java.base/java.util.ArrayList.forEach(ArrayList.java:1511)
at org.testng.TestRunner.privateRun(TestRunner.java:829)
at org.testng.TestRunner.run(TestRunner.java:602)
at org.testng.SuiteRunner.runTest(SuiteRunner.java:437)
at org.testng.SuiteRunner$SuiteWorker.run(SuiteRunner.java:475)
at org.testng.internal.thread.ThreadUtil.lambda$execute$0(ThreadUtil.java:58)
at java.base/java.util.concurrent.FutureTask.run(FutureTask.java:317)
at java.base/java.util.concurrent.ThreadPoolExecutor.runWorker(ThreadPoolExecutor.java:1144)
at java.base/java.util.concurrent.ThreadPoolExecutor$Worker.run(ThreadPoolExecutor.java:642)
at java.base/java.lang.Thread.run(Thread.java:1623)
]]>
            </full-stacktrace>
          </exception> <!-- org.openqa.selenium.SessionNotCreatedException -->
          <reporter-output>
          </reporter-output>
        </test-method> <!-- bcConfig -->
        <test-method is-config="true" signature="bmConfig()[pri:0, instance:hrm_EPS_ParallelTests.Class2Test@4a003cbe]" started-at="2024-01-21T12:54:55 IST" name="bmConfig" finished-at="2024-01-21T12:54:55 IST" duration-ms="0" status="SKIP">
          <reporter-output>
          </reporter-output>
        </test-method> <!-- bmConfig -->
        <test-method signature="clickOnAdmin()[pri:0, instance:hrm_EPS_ParallelTests.Class2Test@4a003cbe]" started-at="2024-01-21T12:54:55 IST" name="clickOnAdmin" finished-at="2024-01-21T12:54:55 IST" duration-ms="0" status="SKIP">
          <exception class="org.openqa.selenium.SessionNotCreatedException">
            <message>
              <![CDATA[Could not start a new session. Response code 500. Message: session not created: This version of ChromeDriver only supports Chrome version 115
Current browser version is 120.0.6099.225 with binary path C:\Program Files (x86)\Google\Chrome\Application\chrome.exe
Build info: version: '3.141.59', revision: 'e82be7d358', time: '2018-11-14T08:25:53'
System info: host: 'QASUDEEP', ip: '192.168.60.8', os.name: 'Windows 10', os.arch: 'amd64', os.version: '10.0', java.version: '17.0.9'
Driver info: driver.version: unknown
remote stacktrace: Backtrace:
GetHandleVerifier [0x00007FF76EA54A62+57106]
(No symbol) [0x00007FF76E9CCF52]
(No symbol) [0x00007FF76E89E2CB]
(No symbol) [0x00007FF76E8C9FDB]
(No symbol) [0x00007FF76E8C4F8D]
(No symbol) [0x00007FF76E8C30AA]
(No symbol) [0x00007FF76E8FE3F7]
(No symbol) [0x00007FF76E8FDF60]
(No symbol) [0x00007FF76E8F6793]
(No symbol) [0x00007FF76E8CCE81]
(No symbol) [0x00007FF76E8CE064]
GetHandleVerifier [0x00007FF76ED04222+2873042]
GetHandleVerifier [0x00007FF76ED56590+3209792]
GetHandleVerifier [0x00007FF76ED4F3AF+3180639]
GetHandleVerifier [0x00007FF76EAE5F25+652245]
(No symbol) [0x00007FF76E9D8618]
(No symbol) [0x00007FF76E9D47C4]
(No symbol) [0x00007FF76E9D48BC]
(No symbol) [0x00007FF76E9C4C33]
BaseThreadInitThunk [0x00007FFCB5F67344+20]
RtlUserThreadStart [0x00007FFCB6AA26B1+33]
 
Host info: host: 'LAPTOP-QHMIOBC5', ip: '192.168.60.66'
Build info: version: '4.11.0', revision: '040bc5406b'
System info: os.name: 'Windows 11', os.arch: 'amd64', os.version: '10.0', java.version: '20.0.2'
Driver info: org.openqa.selenium.remote.RemoteWebDriver
Command: [null, newSession {capabilities=[Capabilities {browserName: chrome, platformName: any}]}]
Capabilities {browserName: chrome, platformName: any}]]>
            </message>
            <full-stacktrace>
              <![CDATA[org.openqa.selenium.SessionNotCreatedException: Could not start a new session. Response code 500. Message: session not created: This version of ChromeDriver only supports Chrome version 115
Current browser version is 120.0.6099.225 with binary path C:\Program Files (x86)\Google\Chrome\Application\chrome.exe
Build info: version: '3.141.59', revision: 'e82be7d358', time: '2018-11-14T08:25:53'
System info: host: 'QASUDEEP', ip: '192.168.60.8', os.name: 'Windows 10', os.arch: 'amd64', os.version: '10.0', java.version: '17.0.9'
Driver info: driver.version: unknown
remote stacktrace: Backtrace:
GetHandleVerifier [0x00007FF76EA54A62+57106]
(No symbol) [0x00007FF76E9CCF52]
(No symbol) [0x00007FF76E89E2CB]
(No symbol) [0x00007FF76E8C9FDB]
(No symbol) [0x00007FF76E8C4F8D]
(No symbol) [0x00007FF76E8C30AA]
(No symbol) [0x00007FF76E8FE3F7]
(No symbol) [0x00007FF76E8FDF60]
(No symbol) [0x00007FF76E8F6793]
(No symbol) [0x00007FF76E8CCE81]
(No symbol) [0x00007FF76E8CE064]
GetHandleVerifier [0x00007FF76ED04222+2873042]
GetHandleVerifier [0x00007FF76ED56590+3209792]
GetHandleVerifier [0x00007FF76ED4F3AF+3180639]
GetHandleVerifier [0x00007FF76EAE5F25+652245]
(No symbol) [0x00007FF76E9D8618]
(No symbol) [0x00007FF76E9D47C4]
(No symbol) [0x00007FF76E9D48BC]
(No symbol) [0x00007FF76E9C4C33]
BaseThreadInitThunk [0x00007FFCB5F67344+20]
RtlUserThreadStart [0x00007FFCB6AA26B1+33]
 
Host info: host: 'LAPTOP-QHMIOBC5', ip: '192.168.60.66'
Build info: version: '4.11.0', revision: '040bc5406b'
System info: os.name: 'Windows 11', os.arch: 'amd64', os.version: '10.0', java.version: '20.0.2'
Driver info: org.openqa.selenium.remote.RemoteWebDriver
Command: [null, newSession {capabilities=[Capabilities {browserName: chrome, platformName: any}]}]
Capabilities {browserName: chrome, platformName: any}
at org.openqa.selenium.remote.ProtocolHandshake.createSession(ProtocolHandshake.java:140)
at org.openqa.selenium.remote.ProtocolHandshake.createSession(ProtocolHandshake.java:96)
at org.openqa.selenium.remote.ProtocolHandshake.createSession(ProtocolHandshake.java:68)
at org.openqa.selenium.remote.HttpCommandExecutor.execute(HttpCommandExecutor.java:163)
at org.openqa.selenium.remote.TracedCommandExecutor.execute(TracedCommandExecutor.java:51)
at org.openqa.selenium.remote.RemoteWebDriver.execute(RemoteWebDriver.java:518)
at org.openqa.selenium.remote.RemoteWebDriver.startSession(RemoteWebDriver.java:232)
at org.openqa.selenium.remote.RemoteWebDriver.<init>(RemoteWebDriver.java:159)
at org.openqa.selenium.remote.RemoteWebDriver.<init>(RemoteWebDriver.java:139)
at com.GenericUtils.BaseClass_HRM_EPS.bcConfig(BaseClass_HRM_EPS.java:111)
at java.base/jdk.internal.reflect.DirectMethodHandleAccessor.invoke(DirectMethodHandleAccessor.java:104)
at java.base/java.lang.reflect.Method.invoke(Method.java:578)
at org.testng.internal.invokers.MethodInvocationHelper.invokeMethod(MethodInvocationHelper.java:139)
at org.testng.internal.invokers.MethodInvocationHelper.invokeMethodConsideringTimeout(MethodInvocationHelper.java:69)
at org.testng.internal.invokers.ConfigInvoker.invokeConfigurationMethod(ConfigInvoker.java:361)
at org.testng.internal.invokers.ConfigInvoker.invokeConfigurations(ConfigInvoker.java:296)
at org.testng.internal.invokers.TestMethodWorker.invokeBeforeClassMethods(TestMethodWorker.java:180)
at org.testng.internal.invokers.TestMethodWorker.run(TestMethodWorker.java:122)
at java.base/java.util.ArrayList.forEach(ArrayList.java:1511)
at org.testng.TestRunner.privateRun(TestRunner.java:829)
at org.testng.TestRunner.run(TestRunner.java:602)
at org.testng.SuiteRunner.runTest(SuiteRunner.java:437)
at org.testng.SuiteRunner$SuiteWorker.run(SuiteRunner.java:475)
at org.testng.internal.thread.ThreadUtil.lambda$execute$0(ThreadUtil.java:58)
at java.base/java.util.concurrent.FutureTask.run(FutureTask.java:317)
at java.base/java.util.concurrent.ThreadPoolExecutor.runWorker(ThreadPoolExecutor.java:1144)
at java.base/java.util.concurrent.ThreadPoolExecutor$Worker.run(ThreadPoolExecutor.java:642)
at java.base/java.lang.Thread.run(Thread.java:1623)
]]>
            </full-stacktrace>
          </exception> <!-- org.openqa.selenium.SessionNotCreatedException -->
          <reporter-output>
          </reporter-output>
        </test-method> <!-- clickOnAdmin -->
        <test-method is-config="true" signature="amConfig()[pri:0, instance:hrm_EPS_ParallelTests.Class2Test@4a003cbe]" started-at="2024-01-21T12:54:55 IST" name="amConfig" finished-at="2024-01-21T12:54:55 IST" duration-ms="0" status="SKIP">
          <reporter-output>
          </reporter-output>
        </test-method> <!-- amConfig -->
        <test-method is-config="true" signature="bmConfig()[pri:0, instance:hrm_EPS_ParallelTests.Class2Test@4a003cbe]" started-at="2024-01-21T12:54:55 IST" name="bmConfig" finished-at="2024-01-21T12:54:55 IST" duration-ms="0" status="SKIP">
          <reporter-output>
          </reporter-output>
        </test-method> <!-- bmConfig -->
        <test-method signature="clickOnLeave()[pri:0, instance:hrm_EPS_ParallelTests.Class2Test@4a003cbe]" started-at="2024-01-21T12:54:55 IST" name="clickOnLeave" finished-at="2024-01-21T12:54:55 IST" duration-ms="0" status="SKIP">
          <exception class="org.openqa.selenium.SessionNotCreatedException">
            <message>
              <![CDATA[Could not start a new session. Response code 500. Message: session not created: This version of ChromeDriver only supports Chrome version 115
Current browser version is 120.0.6099.225 with binary path C:\Program Files (x86)\Google\Chrome\Application\chrome.exe
Build info: version: '3.141.59', revision: 'e82be7d358', time: '2018-11-14T08:25:53'
System info: host: 'QASUDEEP', ip: '192.168.60.8', os.name: 'Windows 10', os.arch: 'amd64', os.version: '10.0', java.version: '17.0.9'
Driver info: driver.version: unknown
remote stacktrace: Backtrace:
GetHandleVerifier [0x00007FF76EA54A62+57106]
(No symbol) [0x00007FF76E9CCF52]
(No symbol) [0x00007FF76E89E2CB]
(No symbol) [0x00007FF76E8C9FDB]
(No symbol) [0x00007FF76E8C4F8D]
(No symbol) [0x00007FF76E8C30AA]
(No symbol) [0x00007FF76E8FE3F7]
(No symbol) [0x00007FF76E8FDF60]
(No symbol) [0x00007FF76E8F6793]
(No symbol) [0x00007FF76E8CCE81]
(No symbol) [0x00007FF76E8CE064]
GetHandleVerifier [0x00007FF76ED04222+2873042]
GetHandleVerifier [0x00007FF76ED56590+3209792]
GetHandleVerifier [0x00007FF76ED4F3AF+3180639]
GetHandleVerifier [0x00007FF76EAE5F25+652245]
(No symbol) [0x00007FF76E9D8618]
(No symbol) [0x00007FF76E9D47C4]
(No symbol) [0x00007FF76E9D48BC]
(No symbol) [0x00007FF76E9C4C33]
BaseThreadInitThunk [0x00007FFCB5F67344+20]
RtlUserThreadStart [0x00007FFCB6AA26B1+33]
 
Host info: host: 'LAPTOP-QHMIOBC5', ip: '192.168.60.66'
Build info: version: '4.11.0', revision: '040bc5406b'
System info: os.name: 'Windows 11', os.arch: 'amd64', os.version: '10.0', java.version: '20.0.2'
Driver info: org.openqa.selenium.remote.RemoteWebDriver
Command: [null, newSession {capabilities=[Capabilities {browserName: chrome, platformName: any}]}]
Capabilities {browserName: chrome, platformName: any}]]>
            </message>
            <full-stacktrace>
              <![CDATA[org.openqa.selenium.SessionNotCreatedException: Could not start a new session. Response code 500. Message: session not created: This version of ChromeDriver only supports Chrome version 115
Current browser version is 120.0.6099.225 with binary path C:\Program Files (x86)\Google\Chrome\Application\chrome.exe
Build info: version: '3.141.59', revision: 'e82be7d358', time: '2018-11-14T08:25:53'
System info: host: 'QASUDEEP', ip: '192.168.60.8', os.name: 'Windows 10', os.arch: 'amd64', os.version: '10.0', java.version: '17.0.9'
Driver info: driver.version: unknown
remote stacktrace: Backtrace:
GetHandleVerifier [0x00007FF76EA54A62+57106]
(No symbol) [0x00007FF76E9CCF52]
(No symbol) [0x00007FF76E89E2CB]
(No symbol) [0x00007FF76E8C9FDB]
(No symbol) [0x00007FF76E8C4F8D]
(No symbol) [0x00007FF76E8C30AA]
(No symbol) [0x00007FF76E8FE3F7]
(No symbol) [0x00007FF76E8FDF60]
(No symbol) [0x00007FF76E8F6793]
(No symbol) [0x00007FF76E8CCE81]
(No symbol) [0x00007FF76E8CE064]
GetHandleVerifier [0x00007FF76ED04222+2873042]
GetHandleVerifier [0x00007FF76ED56590+3209792]
GetHandleVerifier [0x00007FF76ED4F3AF+3180639]
GetHandleVerifier [0x00007FF76EAE5F25+652245]
(No symbol) [0x00007FF76E9D8618]
(No symbol) [0x00007FF76E9D47C4]
(No symbol) [0x00007FF76E9D48BC]
(No symbol) [0x00007FF76E9C4C33]
BaseThreadInitThunk [0x00007FFCB5F67344+20]
RtlUserThreadStart [0x00007FFCB6AA26B1+33]
 
Host info: host: 'LAPTOP-QHMIOBC5', ip: '192.168.60.66'
Build info: version: '4.11.0', revision: '040bc5406b'
System info: os.name: 'Windows 11', os.arch: 'amd64', os.version: '10.0', java.version: '20.0.2'
Driver info: org.openqa.selenium.remote.RemoteWebDriver
Command: [null, newSession {capabilities=[Capabilities {browserName: chrome, platformName: any}]}]
Capabilities {browserName: chrome, platformName: any}
at org.openqa.selenium.remote.ProtocolHandshake.createSession(ProtocolHandshake.java:140)
at org.openqa.selenium.remote.ProtocolHandshake.createSession(ProtocolHandshake.java:96)
at org.openqa.selenium.remote.ProtocolHandshake.createSession(ProtocolHandshake.java:68)
at org.openqa.selenium.remote.HttpCommandExecutor.execute(HttpCommandExecutor.java:163)
at org.openqa.selenium.remote.TracedCommandExecutor.execute(TracedCommandExecutor.java:51)
at org.openqa.selenium.remote.RemoteWebDriver.execute(RemoteWebDriver.java:518)
at org.openqa.selenium.remote.RemoteWebDriver.startSession(RemoteWebDriver.java:232)
at org.openqa.selenium.remote.RemoteWebDriver.<init>(RemoteWebDriver.java:159)
at org.openqa.selenium.remote.RemoteWebDriver.<init>(RemoteWebDriver.java:139)
at com.GenericUtils.BaseClass_HRM_EPS.bcConfig(BaseClass_HRM_EPS.java:111)
at java.base/jdk.internal.reflect.DirectMethodHandleAccessor.invoke(DirectMethodHandleAccessor.java:104)
at java.base/java.lang.reflect.Method.invoke(Method.java:578)
at org.testng.internal.invokers.MethodInvocationHelper.invokeMethod(MethodInvocationHelper.java:139)
at org.testng.internal.invokers.MethodInvocationHelper.invokeMethodConsideringTimeout(MethodInvocationHelper.java:69)
at org.testng.internal.invokers.ConfigInvoker.invokeConfigurationMethod(ConfigInvoker.java:361)
at org.testng.internal.invokers.ConfigInvoker.invokeConfigurations(ConfigInvoker.java:296)
at org.testng.internal.invokers.TestMethodWorker.invokeBeforeClassMethods(TestMethodWorker.java:180)
at org.testng.internal.invokers.TestMethodWorker.run(TestMethodWorker.java:122)
at java.base/java.util.ArrayList.forEach(ArrayList.java:1511)
at org.testng.TestRunner.privateRun(TestRunner.java:829)
at org.testng.TestRunner.run(TestRunner.java:602)
at org.testng.SuiteRunner.runTest(SuiteRunner.java:437)
at org.testng.SuiteRunner$SuiteWorker.run(SuiteRunner.java:475)
at org.testng.internal.thread.ThreadUtil.lambda$execute$0(ThreadUtil.java:58)
at java.base/java.util.concurrent.FutureTask.run(FutureTask.java:317)
at java.base/java.util.concurrent.ThreadPoolExecutor.runWorker(ThreadPoolExecutor.java:1144)
at java.base/java.util.concurrent.ThreadPoolExecutor$Worker.run(ThreadPoolExecutor.java:642)
at java.base/java.lang.Thread.run(Thread.java:1623)
]]>
            </full-stacktrace>
          </exception> <!-- org.openqa.selenium.SessionNotCreatedException -->
          <reporter-output>
          </reporter-output>
        </test-method> <!-- clickOnLeave -->
        <test-method is-config="true" signature="amConfig()[pri:0, instance:hrm_EPS_ParallelTests.Class2Test@4a003cbe]" started-at="2024-01-21T12:54:55 IST" name="amConfig" finished-at="2024-01-21T12:54:55 IST" duration-ms="0" status="SKIP">
          <reporter-output>
          </reporter-output>
        </test-method> <!-- amConfig -->
        <test-method is-config="true" signature="bmConfig()[pri:0, instance:hrm_EPS_ParallelTests.Class2Test@4a003cbe]" started-at="2024-01-21T12:54:55 IST" name="bmConfig" finished-at="2024-01-21T12:54:55 IST" duration-ms="0" status="SKIP">
          <reporter-output>
          </reporter-output>
        </test-method> <!-- bmConfig -->
        <test-method signature="clickOnTime()[pri:0, instance:hrm_EPS_ParallelTests.Class2Test@4a003cbe]" started-at="2024-01-21T12:54:55 IST" name="clickOnTime" finished-at="2024-01-21T12:54:55 IST" duration-ms="0" status="SKIP">
          <exception class="org.openqa.selenium.SessionNotCreatedException">
            <message>
              <![CDATA[Could not start a new session. Response code 500. Message: session not created: This version of ChromeDriver only supports Chrome version 115
Current browser version is 120.0.6099.225 with binary path C:\Program Files (x86)\Google\Chrome\Application\chrome.exe
Build info: version: '3.141.59', revision: 'e82be7d358', time: '2018-11-14T08:25:53'
System info: host: 'QASUDEEP', ip: '192.168.60.8', os.name: 'Windows 10', os.arch: 'amd64', os.version: '10.0', java.version: '17.0.9'
Driver info: driver.version: unknown
remote stacktrace: Backtrace:
GetHandleVerifier [0x00007FF76EA54A62+57106]
(No symbol) [0x00007FF76E9CCF52]
(No symbol) [0x00007FF76E89E2CB]
(No symbol) [0x00007FF76E8C9FDB]
(No symbol) [0x00007FF76E8C4F8D]
(No symbol) [0x00007FF76E8C30AA]
(No symbol) [0x00007FF76E8FE3F7]
(No symbol) [0x00007FF76E8FDF60]
(No symbol) [0x00007FF76E8F6793]
(No symbol) [0x00007FF76E8CCE81]
(No symbol) [0x00007FF76E8CE064]
GetHandleVerifier [0x00007FF76ED04222+2873042]
GetHandleVerifier [0x00007FF76ED56590+3209792]
GetHandleVerifier [0x00007FF76ED4F3AF+3180639]
GetHandleVerifier [0x00007FF76EAE5F25+652245]
(No symbol) [0x00007FF76E9D8618]
(No symbol) [0x00007FF76E9D47C4]
(No symbol) [0x00007FF76E9D48BC]
(No symbol) [0x00007FF76E9C4C33]
BaseThreadInitThunk [0x00007FFCB5F67344+20]
RtlUserThreadStart [0x00007FFCB6AA26B1+33]
 
Host info: host: 'LAPTOP-QHMIOBC5', ip: '192.168.60.66'
Build info: version: '4.11.0', revision: '040bc5406b'
System info: os.name: 'Windows 11', os.arch: 'amd64', os.version: '10.0', java.version: '20.0.2'
Driver info: org.openqa.selenium.remote.RemoteWebDriver
Command: [null, newSession {capabilities=[Capabilities {browserName: chrome, platformName: any}]}]
Capabilities {browserName: chrome, platformName: any}]]>
            </message>
            <full-stacktrace>
              <![CDATA[org.openqa.selenium.SessionNotCreatedException: Could not start a new session. Response code 500. Message: session not created: This version of ChromeDriver only supports Chrome version 115
Current browser version is 120.0.6099.225 with binary path C:\Program Files (x86)\Google\Chrome\Application\chrome.exe
Build info: version: '3.141.59', revision: 'e82be7d358', time: '2018-11-14T08:25:53'
System info: host: 'QASUDEEP', ip: '192.168.60.8', os.name: 'Windows 10', os.arch: 'amd64', os.version: '10.0', java.version: '17.0.9'
Driver info: driver.version: unknown
remote stacktrace: Backtrace:
GetHandleVerifier [0x00007FF76EA54A62+57106]
(No symbol) [0x00007FF76E9CCF52]
(No symbol) [0x00007FF76E89E2CB]
(No symbol) [0x00007FF76E8C9FDB]
(No symbol) [0x00007FF76E8C4F8D]
(No symbol) [0x00007FF76E8C30AA]
(No symbol) [0x00007FF76E8FE3F7]
(No symbol) [0x00007FF76E8FDF60]
(No symbol) [0x00007FF76E8F6793]
(No symbol) [0x00007FF76E8CCE81]
(No symbol) [0x00007FF76E8CE064]
GetHandleVerifier [0x00007FF76ED04222+2873042]
GetHandleVerifier [0x00007FF76ED56590+3209792]
GetHandleVerifier [0x00007FF76ED4F3AF+3180639]
GetHandleVerifier [0x00007FF76EAE5F25+652245]
(No symbol) [0x00007FF76E9D8618]
(No symbol) [0x00007FF76E9D47C4]
(No symbol) [0x00007FF76E9D48BC]
(No symbol) [0x00007FF76E9C4C33]
BaseThreadInitThunk [0x00007FFCB5F67344+20]
RtlUserThreadStart [0x00007FFCB6AA26B1+33]
 
Host info: host: 'LAPTOP-QHMIOBC5', ip: '192.168.60.66'
Build info: version: '4.11.0', revision: '040bc5406b'
System info: os.name: 'Windows 11', os.arch: 'amd64', os.version: '10.0', java.version: '20.0.2'
Driver info: org.openqa.selenium.remote.RemoteWebDriver
Command: [null, newSession {capabilities=[Capabilities {browserName: chrome, platformName: any}]}]
Capabilities {browserName: chrome, platformName: any}
at org.openqa.selenium.remote.ProtocolHandshake.createSession(ProtocolHandshake.java:140)
at org.openqa.selenium.remote.ProtocolHandshake.createSession(ProtocolHandshake.java:96)
at org.openqa.selenium.remote.ProtocolHandshake.createSession(ProtocolHandshake.java:68)
at org.openqa.selenium.remote.HttpCommandExecutor.execute(HttpCommandExecutor.java:163)
at org.openqa.selenium.remote.TracedCommandExecutor.execute(TracedCommandExecutor.java:51)
at org.openqa.selenium.remote.RemoteWebDriver.execute(RemoteWebDriver.java:518)
at org.openqa.selenium.remote.RemoteWebDriver.startSession(RemoteWebDriver.java:232)
at org.openqa.selenium.remote.RemoteWebDriver.<init>(RemoteWebDriver.java:159)
at org.openqa.selenium.remote.RemoteWebDriver.<init>(RemoteWebDriver.java:139)
at com.GenericUtils.BaseClass_HRM_EPS.bcConfig(BaseClass_HRM_EPS.java:111)
at java.base/jdk.internal.reflect.DirectMethodHandleAccessor.invoke(DirectMethodHandleAccessor.java:104)
at java.base/java.lang.reflect.Method.invoke(Method.java:578)
at org.testng.internal.invokers.MethodInvocationHelper.invokeMethod(MethodInvocationHelper.java:139)
at org.testng.internal.invokers.MethodInvocationHelper.invokeMethodConsideringTimeout(MethodInvocationHelper.java:69)
at org.testng.internal.invokers.ConfigInvoker.invokeConfigurationMethod(ConfigInvoker.java:361)
at org.testng.internal.invokers.ConfigInvoker.invokeConfigurations(ConfigInvoker.java:296)
at org.testng.internal.invokers.TestMethodWorker.invokeBeforeClassMethods(TestMethodWorker.java:180)
at org.testng.internal.invokers.TestMethodWorker.run(TestMethodWorker.java:122)
at java.base/java.util.ArrayList.forEach(ArrayList.java:1511)
at org.testng.TestRunner.privateRun(TestRunner.java:829)
at org.testng.TestRunner.run(TestRunner.java:602)
at org.testng.SuiteRunner.runTest(SuiteRunner.java:437)
at org.testng.SuiteRunner$SuiteWorker.run(SuiteRunner.java:475)
at org.testng.internal.thread.ThreadUtil.lambda$execute$0(ThreadUtil.java:58)
at java.base/java.util.concurrent.FutureTask.run(FutureTask.java:317)
at java.base/java.util.concurrent.ThreadPoolExecutor.runWorker(ThreadPoolExecutor.java:1144)
at java.base/java.util.concurrent.ThreadPoolExecutor$Worker.run(ThreadPoolExecutor.java:642)
at java.base/java.lang.Thread.run(Thread.java:1623)
]]>
            </full-stacktrace>
          </exception> <!-- org.openqa.selenium.SessionNotCreatedException -->
          <reporter-output>
          </reporter-output>
        </test-method> <!-- clickOnTime -->
        <test-method is-config="true" signature="amConfig()[pri:0, instance:hrm_EPS_ParallelTests.Class2Test@4a003cbe]" started-at="2024-01-21T12:54:55 IST" name="amConfig" finished-at="2024-01-21T12:54:55 IST" duration-ms="0" status="SKIP">
          <reporter-output>
          </reporter-output>
        </test-method> <!-- amConfig -->
        <test-method signature="pim()[pri:0, instance:hrm_EPS_ParallelTests.Class2Test@4a003cbe]" started-at="2024-01-21T12:54:55 IST" name="pim" finished-at="2024-01-21T12:54:55 IST" duration-ms="0" status="SKIP">
          <exception class="org.openqa.selenium.SessionNotCreatedException">
            <message>
              <![CDATA[Could not start a new session. Response code 500. Message: session not created: This version of ChromeDriver only supports Chrome version 115
Current browser version is 120.0.6099.225 with binary path C:\Program Files (x86)\Google\Chrome\Application\chrome.exe
Build info: version: '3.141.59', revision: 'e82be7d358', time: '2018-11-14T08:25:53'
System info: host: 'QASUDEEP', ip: '192.168.60.8', os.name: 'Windows 10', os.arch: 'amd64', os.version: '10.0', java.version: '17.0.9'
Driver info: driver.version: unknown
remote stacktrace: Backtrace:
GetHandleVerifier [0x00007FF76EA54A62+57106]
(No symbol) [0x00007FF76E9CCF52]
(No symbol) [0x00007FF76E89E2CB]
(No symbol) [0x00007FF76E8C9FDB]
(No symbol) [0x00007FF76E8C4F8D]
(No symbol) [0x00007FF76E8C30AA]
(No symbol) [0x00007FF76E8FE3F7]
(No symbol) [0x00007FF76E8FDF60]
(No symbol) [0x00007FF76E8F6793]
(No symbol) [0x00007FF76E8CCE81]
(No symbol) [0x00007FF76E8CE064]
GetHandleVerifier [0x00007FF76ED04222+2873042]
GetHandleVerifier [0x00007FF76ED56590+3209792]
GetHandleVerifier [0x00007FF76ED4F3AF+3180639]
GetHandleVerifier [0x00007FF76EAE5F25+652245]
(No symbol) [0x00007FF76E9D8618]
(No symbol) [0x00007FF76E9D47C4]
(No symbol) [0x00007FF76E9D48BC]
(No symbol) [0x00007FF76E9C4C33]
BaseThreadInitThunk [0x00007FFCB5F67344+20]
RtlUserThreadStart [0x00007FFCB6AA26B1+33]
 
Host info: host: 'LAPTOP-QHMIOBC5', ip: '192.168.60.66'
Build info: version: '4.11.0', revision: '040bc5406b'
System info: os.name: 'Windows 11', os.arch: 'amd64', os.version: '10.0', java.version: '20.0.2'
Driver info: org.openqa.selenium.remote.RemoteWebDriver
Command: [null, newSession {capabilities=[Capabilities {browserName: chrome, platformName: any}]}]
Capabilities {browserName: chrome, platformName: any}]]>
            </message>
            <full-stacktrace>
              <![CDATA[org.openqa.selenium.SessionNotCreatedException: Could not start a new session. Response code 500. Message: session not created: This version of ChromeDriver only supports Chrome version 115
Current browser version is 120.0.6099.225 with binary path C:\Program Files (x86)\Google\Chrome\Application\chrome.exe
Build info: version: '3.141.59', revision: 'e82be7d358', time: '2018-11-14T08:25:53'
System info: host: 'QASUDEEP', ip: '192.168.60.8', os.name: 'Windows 10', os.arch: 'amd64', os.version: '10.0', java.version: '17.0.9'
Driver info: driver.version: unknown
remote stacktrace: Backtrace:
GetHandleVerifier [0x00007FF76EA54A62+57106]
(No symbol) [0x00007FF76E9CCF52]
(No symbol) [0x00007FF76E89E2CB]
(No symbol) [0x00007FF76E8C9FDB]
(No symbol) [0x00007FF76E8C4F8D]
(No symbol) [0x00007FF76E8C30AA]
(No symbol) [0x00007FF76E8FE3F7]
(No symbol) [0x00007FF76E8FDF60]
(No symbol) [0x00007FF76E8F6793]
(No symbol) [0x00007FF76E8CCE81]
(No symbol) [0x00007FF76E8CE064]
GetHandleVerifier [0x00007FF76ED04222+2873042]
GetHandleVerifier [0x00007FF76ED56590+3209792]
GetHandleVerifier [0x00007FF76ED4F3AF+3180639]
GetHandleVerifier [0x00007FF76EAE5F25+652245]
(No symbol) [0x00007FF76E9D8618]
(No symbol) [0x00007FF76E9D47C4]
(No symbol) [0x00007FF76E9D48BC]
(No symbol) [0x00007FF76E9C4C33]
BaseThreadInitThunk [0x00007FFCB5F67344+20]
RtlUserThreadStart [0x00007FFCB6AA26B1+33]
 
Host info: host: 'LAPTOP-QHMIOBC5', ip: '192.168.60.66'
Build info: version: '4.11.0', revision: '040bc5406b'
System info: os.name: 'Windows 11', os.arch: 'amd64', os.version: '10.0', java.version: '20.0.2'
Driver info: org.openqa.selenium.remote.RemoteWebDriver
Command: [null, newSession {capabilities=[Capabilities {browserName: chrome, platformName: any}]}]
Capabilities {browserName: chrome, platformName: any}
at org.openqa.selenium.remote.ProtocolHandshake.createSession(ProtocolHandshake.java:140)
at org.openqa.selenium.remote.ProtocolHandshake.createSession(ProtocolHandshake.java:96)
at org.openqa.selenium.remote.ProtocolHandshake.createSession(ProtocolHandshake.java:68)
at org.openqa.selenium.remote.HttpCommandExecutor.execute(HttpCommandExecutor.java:163)
at org.openqa.selenium.remote.TracedCommandExecutor.execute(TracedCommandExecutor.java:51)
at org.openqa.selenium.remote.RemoteWebDriver.execute(RemoteWebDriver.java:518)
at org.openqa.selenium.remote.RemoteWebDriver.startSession(RemoteWebDriver.java:232)
at org.openqa.selenium.remote.RemoteWebDriver.<init>(RemoteWebDriver.java:159)
at org.openqa.selenium.remote.RemoteWebDriver.<init>(RemoteWebDriver.java:139)
at com.GenericUtils.BaseClass_HRM_EPS.bcConfig(BaseClass_HRM_EPS.java:111)
at java.base/jdk.internal.reflect.DirectMethodHandleAccessor.invoke(DirectMethodHandleAccessor.java:104)
at java.base/java.lang.reflect.Method.invoke(Method.java:578)
at org.testng.internal.invokers.MethodInvocationHelper.invokeMethod(MethodInvocationHelper.java:139)
at org.testng.internal.invokers.MethodInvocationHelper.invokeMethodConsideringTimeout(MethodInvocationHelper.java:69)
at org.testng.internal.invokers.ConfigInvoker.invokeConfigurationMethod(ConfigInvoker.java:361)
at org.testng.internal.invokers.ConfigInvoker.invokeConfigurations(ConfigInvoker.java:296)
at org.testng.internal.invokers.TestMethodWorker.invokeBeforeClassMethods(TestMethodWorker.java:180)
at org.testng.internal.invokers.TestMethodWorker.run(TestMethodWorker.java:122)
at java.base/java.util.ArrayList.forEach(ArrayList.java:1511)
at org.testng.TestRunner.privateRun(TestRunner.java:829)
at org.testng.TestRunner.run(TestRunner.java:602)
at org.testng.SuiteRunner.runTest(SuiteRunner.java:437)
at org.testng.SuiteRunner$SuiteWorker.run(SuiteRunner.java:475)
at org.testng.internal.thread.ThreadUtil.lambda$execute$0(ThreadUtil.java:58)
at java.base/java.util.concurrent.FutureTask.run(FutureTask.java:317)
at java.base/java.util.concurrent.ThreadPoolExecutor.runWorker(ThreadPoolExecutor.java:1144)
at java.base/java.util.concurrent.ThreadPoolExecutor$Worker.run(ThreadPoolExecutor.java:642)
at java.base/java.lang.Thread.run(Thread.java:1623)
]]>
            </full-stacktrace>
          </exception> <!-- org.openqa.selenium.SessionNotCreatedException -->
          <reporter-output>
          </reporter-output>
        </test-method> <!-- pim -->
        <test-method is-config="true" signature="bmConfig()[pri:0, instance:hrm_EPS_ParallelTests.Class2Test@4a003cbe]" started-at="2024-01-21T12:54:55 IST" name="bmConfig" finished-at="2024-01-21T12:54:55 IST" duration-ms="0" status="SKIP">
          <reporter-output>
          </reporter-output>
        </test-method> <!-- bmConfig -->
        <test-method is-config="true" signature="amConfig()[pri:0, instance:hrm_EPS_ParallelTests.Class2Test@4a003cbe]" started-at="2024-01-21T12:54:55 IST" name="amConfig" finished-at="2024-01-21T12:54:55 IST" duration-ms="0" status="SKIP">
          <reporter-output>
          </reporter-output>
        </test-method> <!-- amConfig -->
        <test-method is-config="true" signature="acConfig()[pri:0, instance:hrm_EPS_ParallelTests.Class2Test@4a003cbe]" started-at="2024-01-21T12:54:55 IST" name="acConfig" finished-at="2024-01-21T12:54:55 IST" duration-ms="0" status="SKIP">
          <reporter-output>
          </reporter-output>
        </test-method> <!-- acConfig -->
        <test-method is-config="true" signature="asConfig()[pri:0, instance:hrm_EPS_ParallelTests.Class2Test@4a003cbe]" started-at="2024-01-21T12:57:30 IST" name="asConfig" finished-at="2024-01-21T12:57:30 IST" duration-ms="1" status="PASS">
          <reporter-output>
          </reporter-output>
        </test-method> <!-- asConfig -->
      </class> <!-- hrm_EPS_ParallelTests.Class2Test -->
    </test> <!-- Test2 -->
    <test started-at="2024-01-21T12:54:53 IST" name="Test1" finished-at="2024-01-21T12:57:30 IST" duration-ms="157049">
      <class name="hrm_EPS_ParallelTests.Class1Test">
        <test-method is-config="true" signature="bcConfig(java.lang.String)[pri:0, instance:hrm_EPS_ParallelTests.Class1Test@1349883]" started-at="2024-01-21T12:54:53 IST" name="bcConfig" finished-at="2024-01-21T12:56:52 IST" duration-ms="118968" status="PASS">
          <params>
            <param index="0">
              <value>
                <![CDATA[chrome]]>
              </value>
            </param>
          </params>
          <reporter-output>
          </reporter-output>
        </test-method> <!-- bcConfig -->
        <test-method is-config="true" signature="bmConfig()[pri:0, instance:hrm_EPS_ParallelTests.Class1Test@1349883]" started-at="2024-01-21T12:56:52 IST" name="bmConfig" finished-at="2024-01-21T12:57:04 IST" duration-ms="11761" status="PASS">
          <reporter-output>
          </reporter-output>
        </test-method> <!-- bmConfig -->
        <test-method signature="clickOnAdmin()[pri:0, instance:hrm_EPS_ParallelTests.Class1Test@1349883]" started-at="2024-01-21T12:57:04 IST" name="clickOnAdmin" finished-at="2024-01-21T12:57:09 IST" duration-ms="5156" status="PASS">
          <reporter-output>
          </reporter-output>
        </test-method> <!-- clickOnAdmin -->
        <test-method is-config="true" signature="amConfig()[pri:0, instance:hrm_EPS_ParallelTests.Class1Test@1349883]" started-at="2024-01-21T12:57:09 IST" name="amConfig" finished-at="2024-01-21T12:57:12 IST" duration-ms="2864" status="PASS">
          <reporter-output>
          </reporter-output>
        </test-method> <!-- amConfig -->
        <test-method is-config="true" signature="bmConfig()[pri:0, instance:hrm_EPS_ParallelTests.Class1Test@1349883]" started-at="2024-01-21T12:57:12 IST" name="bmConfig" finished-at="2024-01-21T12:57:15 IST" duration-ms="2893" status="PASS">
          <reporter-output>
          </reporter-output>
        </test-method> <!-- bmConfig -->
        <test-method signature="clickOnLeave()[pri:0, instance:hrm_EPS_ParallelTests.Class1Test@1349883]" started-at="2024-01-21T12:57:15 IST" name="clickOnLeave" finished-at="2024-01-21T12:57:19 IST" duration-ms="3987" status="PASS">
          <reporter-output>
          </reporter-output>
        </test-method> <!-- clickOnLeave -->
        <test-method is-config="true" signature="amConfig()[pri:0, instance:hrm_EPS_ParallelTests.Class1Test@1349883]" started-at="2024-01-21T12:57:19 IST" name="amConfig" finished-at="2024-01-21T12:57:21 IST" duration-ms="2128" status="PASS">
          <reporter-output>
          </reporter-output>
        </test-method> <!-- amConfig -->
        <test-method is-config="true" signature="bmConfig()[pri:0, instance:hrm_EPS_ParallelTests.Class1Test@1349883]" started-at="2024-01-21T12:57:21 IST" name="bmConfig" finished-at="2024-01-21T12:57:23 IST" duration-ms="1746" status="PASS">
          <reporter-output>
          </reporter-output>
        </test-method> <!-- bmConfig -->
        <test-method signature="clickOnTime()[pri:0, instance:hrm_EPS_ParallelTests.Class1Test@1349883]" started-at="2024-01-21T12:57:23 IST" name="clickOnTime" finished-at="2024-01-21T12:57:24 IST" duration-ms="1523" status="PASS">
          <reporter-output>
          </reporter-output>
        </test-method> <!-- clickOnTime -->
        <test-method is-config="true" signature="amConfig()[pri:0, instance:hrm_EPS_ParallelTests.Class1Test@1349883]" started-at="2024-01-21T12:57:24 IST" name="amConfig" finished-at="2024-01-21T12:57:25 IST" duration-ms="1192" status="PASS">
          <reporter-output>
          </reporter-output>
        </test-method> <!-- amConfig -->
        <test-method is-config="true" signature="bmConfig()[pri:0, instance:hrm_EPS_ParallelTests.Class1Test@1349883]" started-at="2024-01-21T12:57:25 IST" name="bmConfig" finished-at="2024-01-21T12:57:26 IST" duration-ms="477" status="PASS">
          <reporter-output>
          </reporter-output>
        </test-method> <!-- bmConfig -->
        <test-method signature="pim()[pri:0, instance:hrm_EPS_ParallelTests.Class1Test@1349883]" started-at="2024-01-21T12:57:26 IST" name="pim" finished-at="2024-01-21T12:57:29 IST" duration-ms="2834" status="PASS">
          <reporter-output>
          </reporter-output>
        </test-method> <!-- pim -->
        <test-method is-config="true" signature="amConfig()[pri:0, instance:hrm_EPS_ParallelTests.Class1Test@1349883]" started-at="2024-01-21T12:57:29 IST" name="amConfig" finished-at="2024-01-21T12:57:30 IST" duration-ms="1388" status="PASS">
          <reporter-output>
          </reporter-output>
        </test-method> <!-- amConfig -->
        <test-method is-config="true" signature="acConfig()[pri:0, instance:hrm_EPS_ParallelTests.Class1Test@1349883]" started-at="2024-01-21T12:57:30 IST" name="acConfig" finished-at="2024-01-21T12:57:30 IST" duration-ms="86" status="PASS">
          <reporter-output>
          </reporter-output>
        </test-method> <!-- acConfig -->
      </class> <!-- hrm_EPS_ParallelTests.Class1Test -->
    </test> <!-- Test1 -->
  </suite> <!-- Suite -->
</testng-results>
