<?xml version="1.0" encoding="UTF-8"?>
<!-- Generated by org.testng.reporters.JUnitReportReporter -->
<testsuite hostname="LAPTOP-QHMIOBC5" failures="0" tests="5" name="hrm_EPS_ParallelTests.Class2Test" time="2.162" errors="1" timestamp="2024-01-21T12:57:30 IST" skipped="4">
  <testcase classname="hrm_EPS_ParallelTests.Class2Test" name="clickOnTime" time="0.000">
    <skipped/>
  </testcase> <!-- clickOnTime -->
  <system-out/>
  <testcase classname="hrm_EPS_ParallelTests.Class2Test" name="clickOnLeave" time="0.000">
    <skipped/>
  </testcase> <!-- clickOnLeave -->
  <system-out/>
  <testcase classname="hrm_EPS_ParallelTests.Class2Test" name="clickOnAdmin" time="0.000">
    <skipped/>
  </testcase> <!-- clickOnAdmin -->
  <system-out/>
  <testcase classname="hrm_EPS_ParallelTests.Class2Test" name="pim" time="0.000">
    <skipped/>
  </testcase> <!-- pim -->
  <system-out/>
  <testcase classname="hrm_EPS_ParallelTests.Class2Test" name="bcConfig" time="2.162">
    <error message="Could not start a new session. Response code 500. Message: session not created: This version of ChromeDriver only supports Chrome version 115
Current browser version is 120.0.6099.225 with binary path C:\Program Files (x86)\Google\Chrome\Application\chrome.exe
Build info: version: &#039;3.141.59&#039;, revision: &#039;e82be7d358&#039;, time: &#039;2018-11-14T08:25:53&#039;
System info: host: &#039;QASUDEEP&#039;, ip: &#039;192.168.60.8&#039;, os.name: &#039;Windows 10&#039;, os.arch: &#039;amd64&#039;, os.version: &#039;10.0&#039;, java.version: &#039;17.0.9&#039;
Driver info: driver.version: unknown
remote stacktrace: Backtrace:
	GetHandleVerifier [0x00007FF76EA54A62+57106]
	(No symbol) [0x00007FF76E9CCF52]
	(No symbol) [0x00007FF76E89E2CB]
	(No symbol) [0x00007FF76E8C9FDB]
	(No symbol) [0x00007FF76E8C4F8D]
	(No symbol) [0x00007FF76E8C30AA]
	(No symbol) [0x00007FF76E8FE3F7]
	(No symbol) [0x00007FF76E8FDF60]
	(No symbol) [0x00007FF76E8F6793]
	(No symbol) [0x00007FF76E8CCE81]
	(No symbol) [0x00007FF76E8CE064]
	GetHandleVerifier [0x00007FF76ED04222+2873042]
	GetHandleVerifier [0x00007FF76ED56590+3209792]
	GetHandleVerifier [0x00007FF76ED4F3AF+3180639]
	GetHandleVerifier [0x00007FF76EAE5F25+652245]
	(No symbol) [0x00007FF76E9D8618]
	(No symbol) [0x00007FF76E9D47C4]
	(No symbol) [0x00007FF76E9D48BC]
	(No symbol) [0x00007FF76E9C4C33]
	BaseThreadInitThunk [0x00007FFCB5F67344+20]
	RtlUserThreadStart [0x00007FFCB6AA26B1+33]
 
Host info: host: &#039;LAPTOP-QHMIOBC5&#039;, ip: &#039;192.168.60.66&#039;
Build info: version: &#039;4.11.0&#039;, revision: &#039;040bc5406b&#039;
System info: os.name: &#039;Windows 11&#039;, os.arch: &#039;amd64&#039;, os.version: &#039;10.0&#039;, java.version: &#039;20.0.2&#039;
Driver info: org.openqa.selenium.remote.RemoteWebDriver
Command: [null, newSession {capabilities=[Capabilities {browserName: chrome, platformName: any}]}]
Capabilities {browserName: chrome, platformName: any}" type="org.openqa.selenium.SessionNotCreatedException">
      <![CDATA[org.openqa.selenium.SessionNotCreatedException: Could not start a new session. Response code 500. Message: session not created: This version of ChromeDriver only supports Chrome version 115
Current browser version is 120.0.6099.225 with binary path C:\Program Files (x86)\Google\Chrome\Application\chrome.exe
Build info: version: '3.141.59', revision: 'e82be7d358', time: '2018-11-14T08:25:53'
System info: host: 'QASUDEEP', ip: '192.168.60.8', os.name: 'Windows 10', os.arch: 'amd64', os.version: '10.0', java.version: '17.0.9'
Driver info: driver.version: unknown
remote stacktrace: Backtrace:
GetHandleVerifier [0x00007FF76EA54A62+57106]
(No symbol) [0x00007FF76E9CCF52]
(No symbol) [0x00007FF76E89E2CB]
(No symbol) [0x00007FF76E8C9FDB]
(No symbol) [0x00007FF76E8C4F8D]
(No symbol) [0x00007FF76E8C30AA]
(No symbol) [0x00007FF76E8FE3F7]
(No symbol) [0x00007FF76E8FDF60]
(No symbol) [0x00007FF76E8F6793]
(No symbol) [0x00007FF76E8CCE81]
(No symbol) [0x00007FF76E8CE064]
GetHandleVerifier [0x00007FF76ED04222+2873042]
GetHandleVerifier [0x00007FF76ED56590+3209792]
GetHandleVerifier [0x00007FF76ED4F3AF+3180639]
GetHandleVerifier [0x00007FF76EAE5F25+652245]
(No symbol) [0x00007FF76E9D8618]
(No symbol) [0x00007FF76E9D47C4]
(No symbol) [0x00007FF76E9D48BC]
(No symbol) [0x00007FF76E9C4C33]
BaseThreadInitThunk [0x00007FFCB5F67344+20]
RtlUserThreadStart [0x00007FFCB6AA26B1+33]
 
Host info: host: 'LAPTOP-QHMIOBC5', ip: '192.168.60.66'
Build info: version: '4.11.0', revision: '040bc5406b'
System info: os.name: 'Windows 11', os.arch: 'amd64', os.version: '10.0', java.version: '20.0.2'
Driver info: org.openqa.selenium.remote.RemoteWebDriver
Command: [null, newSession {capabilities=[Capabilities {browserName: chrome, platformName: any}]}]
Capabilities {browserName: chrome, platformName: any}
at org.openqa.selenium.remote.ProtocolHandshake.createSession(ProtocolHandshake.java:140)
at org.openqa.selenium.remote.ProtocolHandshake.createSession(ProtocolHandshake.java:96)
at org.openqa.selenium.remote.ProtocolHandshake.createSession(ProtocolHandshake.java:68)
at org.openqa.selenium.remote.HttpCommandExecutor.execute(HttpCommandExecutor.java:163)
at org.openqa.selenium.remote.TracedCommandExecutor.execute(TracedCommandExecutor.java:51)
at org.openqa.selenium.remote.RemoteWebDriver.execute(RemoteWebDriver.java:518)
at org.openqa.selenium.remote.RemoteWebDriver.startSession(RemoteWebDriver.java:232)
at org.openqa.selenium.remote.RemoteWebDriver.<init>(RemoteWebDriver.java:159)
at org.openqa.selenium.remote.RemoteWebDriver.<init>(RemoteWebDriver.java:139)
at com.GenericUtils.BaseClass_HRM_EPS.bcConfig(BaseClass_HRM_EPS.java:111)
at java.base/jdk.internal.reflect.DirectMethodHandleAccessor.invoke(DirectMethodHandleAccessor.java:104)
at java.base/java.lang.reflect.Method.invoke(Method.java:578)
at org.testng.internal.invokers.MethodInvocationHelper.invokeMethod(MethodInvocationHelper.java:139)
at org.testng.internal.invokers.MethodInvocationHelper.invokeMethodConsideringTimeout(MethodInvocationHelper.java:69)
at org.testng.internal.invokers.ConfigInvoker.invokeConfigurationMethod(ConfigInvoker.java:361)
at org.testng.internal.invokers.ConfigInvoker.invokeConfigurations(ConfigInvoker.java:296)
at org.testng.internal.invokers.TestMethodWorker.invokeBeforeClassMethods(TestMethodWorker.java:180)
at org.testng.internal.invokers.TestMethodWorker.run(TestMethodWorker.java:122)
at java.base/java.util.ArrayList.forEach(ArrayList.java:1511)
at org.testng.TestRunner.privateRun(TestRunner.java:829)
at org.testng.TestRunner.run(TestRunner.java:602)
at org.testng.SuiteRunner.runTest(SuiteRunner.java:437)
at org.testng.SuiteRunner$SuiteWorker.run(SuiteRunner.java:475)
at org.testng.internal.thread.ThreadUtil.lambda$execute$0(ThreadUtil.java:58)
at java.base/java.util.concurrent.FutureTask.run(FutureTask.java:317)
at java.base/java.util.concurrent.ThreadPoolExecutor.runWorker(ThreadPoolExecutor.java:1144)
at java.base/java.util.concurrent.ThreadPoolExecutor$Worker.run(ThreadPoolExecutor.java:642)
at java.base/java.lang.Thread.run(Thread.java:1623)
]]>
    </error>
  </testcase> <!-- bcConfig -->
  <system-out/>
</testsuite> <!-- hrm_EPS_ParallelTests.Class2Test -->
